****************************************
Report : report clock qor
        -type area
Design : riscv_core
Version: O-2018.06-SP1
Date   : Fri Apr 19 02:46:05 2024
****************************************


==========================
==== Area (per clock) ====
==========================

Clock                                 Sinks          Clock          Clock          Clock          Clock          Sinks           Sink
                                 (balanced)     Cell Count        Stdcell       Repeater       Repeater     (physical)        Stdcell          Macro
                                                (non sink)           Area          Count           Area                          Area           Area
------------------------------------------------------------------------------------------------------------------------------------------------------
CLK_I                                  2202             63          21.62             62          20.60           2202        2449.37           0.00
------------------------------------------------------------------------------------------------------------------------------------------------------
Total                                  2202             63          21.62             62          20.60           2202        2449.37           0.00

Type                               Instance           Unit          Total           Cell             Vt             Vt
                                      Count           Area           Area           Type          Group           Type


=================================
==== Area (per library cell) ====
=================================

===== Summary =====
Type                               Instance           Unit          Total           Cell             Vt             Vt
                                      Count           Area           Area           Type          Group           Type
------------------------------------------------------------------------------------------------------------------------
Clock Repeaters                          62              -          20.60              -              -              -
Other Network Cells                       1              -           1.02              -              -              -
Standard Cell Sinks                    2202              -        2449.37              -              -              -
Macro Cells                               0              -           0.00              -              -              -

===== Clock Repeaters =====
Type                               Instance           Unit          Total           Cell             Vt             Vt
                                      Count           Area           Area           Type          Group           Type
------------------------------------------------------------------------------------------------------------------------
SAEDRVT14_INV_S_2                         4           0.22           0.89       Inverter              -              -
SAEDRVT14_INV_S_3                        14           0.31           4.35       Inverter              -              -
SAEDRVT14_INV_S_4                        33           0.31          10.26       Inverter              -              -
SAEDRVT14_INV_S_6                         3           0.40           1.20       Inverter              -              -
SAEDRVT14_INV_S_8                         8           0.49           3.91       Inverter              -              -
------------------------------------------------------------------------------------------------------------------------
Total                                    62              -          20.60              -              -              -

===== Other Network Cells =====
Type                               Instance           Unit          Total           Cell             Vt             Vt
                                      Count           Area           Area           Type          Group           Type
------------------------------------------------------------------------------------------------------------------------
SAEDRVT14_CKGTPLT_V5_4                    1           1.02           1.02            ICG              -              -
------------------------------------------------------------------------------------------------------------------------
Total                                     1              -           1.02              -              -              -

===== Standard Cell Sinks =====
Type                               Instance           Unit          Total           Cell             Vt             Vt
                                      Count           Area           Area           Type          Group           Type
------------------------------------------------------------------------------------------------------------------------
SAEDRVT14_FDPRBQ_V2LP_2                2002           1.11        2222.22           Flop              -              -
SAEDRVT14_FDPRBQ_V2_2                   172           1.11         190.92           Flop              -              -
SAEDRVT14_FDPRBQ_V2_4                    18           1.20          21.58           Flop              -              -
SAEDRVT14_FSDPSBQ_V2_4                   10           1.47          14.65           Flop              -              -
------------------------------------------------------------------------------------------------------------------------
Total                                  2202              -        2449.37              -              -              -

===== Macro Cells =====
Type                               Instance           Unit          Total           Cell             Vt             Vt
                                      Count           Area           Area           Type          Group           Type
------------------------------------------------------------------------------------------------------------------------
------------------------------------------------------------------------------------------------------------------------
Total                                     0              -           0.00              -              -              -



==============================
==== Area (per hierarchy) ====
==============================

Hierarchy                             Sinks          Clock          Clock          Clock          Clock          Sinks           Sink
                                 (balanced)     Cell Count        Stdcell       Repeater       Repeater     (physical)        Stdcell          Macro
                                                (non sink)           Area          Count           Area                          Area           Area
------------------------------------------------------------------------------------------------------------------------------------------------------
riscv_core                             2202             63          21.62             62          20.60           2202        2449.37           0.00
------------------------------------------------------------------------------------------------------------------------------------------------------
Total                                  2202             63          21.62             62          20.60           2202        2449.37           0.00

1
