****************************************
Report : report_utilization
Design : riscv_core
Version: O-2018.06-SP1
Date   : Fri Apr 19 07:17:03 2024
****************************************
Utilization Ratio:			0.2546
Utilization options:
 - Area calculation based on:		site_row of block riscv_core_routed
 - Categories of objects excluded:	hard_macros macro_keepouts soft_macros io_cells hard_blockages 
Total Area:				63252.2400
Total Capacity Area:			63252.2400
Total Area of cells:			16106.3664
Area of excluded objects:
 - hard_macros         :		0.0000
 - macro_keepouts      :		0.0000
 - soft_macros         :		0.0000
 - io_cells            :		0.0000
 - hard_blockages      :		0.0000

Utilization of site-rows with:
 - Site 'unit':				0.2546

0.2546
