
set search_path {/mnt/hgfs/ASIC_shared/LIBs/stdcell_rvt/tfs/ /mnt/hgfs/ASIC_shared/LIBs/stdcell_rvt/ndm /mnt/hgfs/ASIC_shared/LIBs/stdcell_rvt/db_nldm /mnt/hgfs/cv32e40p/1_syn/runs/run_7/netlists .}
/mnt/hgfs/ASIC_shared/LIBs/stdcell_rvt/tfs/ /mnt/hgfs/ASIC_shared/LIBs/stdcell_rvt/ndm /mnt/hgfs/ASIC_shared/LIBs/stdcell_rvt/db_nldm /mnt/hgfs/cv32e40p/1_syn/runs/run_7/netlists .
setenv RUN_RESULT /tmp/.tARL96621/_rrcDRBbS
/tmp/.tARL96621/_rrcDRBbS
set_current_mismatch_config auto_fix
1
#suppress_messages
source -echo -verbose CLIBs/.scripts/saed14rvt_c_physical_only.tcl
set_app_options -name lib.workspace.group_libs_combine_physical_only -value false
lib.workspace.group_libs_combine_physical_only false
set_app_options -name lib.workspace.use_workspace_tech -value true
lib.workspace.use_workspace_tech true
set_app_options -name lib.workspace.fast_exploration -value true
lib.workspace.fast_exploration true
set_app_options -name lib.workspace.reuse_lib -value true
lib.workspace.reuse_lib true
set_app_options -name lib.workspace.create_cached_lib -value true
lib.workspace.create_cached_lib true
# workspace saed14rvt_c_physical_only:
create_workspace -flow physical_only saed14rvt_c_physical_only
... created workspace saed14rvt_c_physical_only in physical_only flow
set_app_options -name lib.workspace.include_design_filters -value { SAEDRVT14_AOLVLUBUFE0_IY2V1_1 SAEDRVT14_AOLVLUBUFE0_IY2V1_10 SAEDRVT14_AOLVLUBUFE0_IY2V1_12 SAEDRVT14_AOLVLUBUFE0_IY2V1_2 SAEDRVT14_AOLVLUBUFE0_IY2V1_3 SAEDRVT14_AOLVLUBUFE0_IY2V1_4 SAEDRVT14_AOLVLUBUFE0_IY2V1_6 SAEDRVT14_AOLVLUBUFE0_IY2V1_8 SAEDRVT14_AOLVLUBUFE1_IY2V1_1 SAEDRVT14_AOLVLUBUFE1_IY2V1_10 SAEDRVT14_AOLVLUBUFE1_IY2V1_12 SAEDRVT14_AOLVLUBUFE1_IY2V1_2 SAEDRVT14_AOLVLUBUFE1_IY2V1_3 SAEDRVT14_AOLVLUBUFE1_IY2V1_4 SAEDRVT14_AOLVLUBUFE1_IY2V1_6 SAEDRVT14_AOLVLUBUFE1_IY2V1_8 SAEDRVT14_AOLVLUBUF_IY2V1_1 SAEDRVT14_AOLVLUBUF_IY2V1_10 SAEDRVT14_AOLVLUBUF_IY2V1_12 SAEDRVT14_AOLVLUBUF_IY2V1_2 SAEDRVT14_AOLVLUBUF_IY2V1_3 SAEDRVT14_AOLVLUBUF_IY2V1_4 SAEDRVT14_AOLVLUBUF_IY2V1_6 SAEDRVT14_AOLVLUBUF_IY2V1_8 SAEDRVT14_ELVLDNOR_V2_1 SAEDRVT14_ELVLDNOR_V2_10 SAEDRVT14_ELVLDNOR_V2_12 SAEDRVT14_ELVLDNOR_V2_2 SAEDRVT14_ELVLDNOR_V2_3 SAEDRVT14_ELVLDNOR_V2_4 SAEDRVT14_ELVLDNOR_V2_6 SAEDRVT14_ELVLDNOR_V2_8 SAEDRVT14_ELVLUNOR_V2_1 SAEDRVT14_ELVLUNOR_V2_10 SAEDRVT14_ELVLUNOR_V2_12 SAEDRVT14_ELVLUNOR_V2_2 SAEDRVT14_ELVLUNOR_V2_3 SAEDRVT14_ELVLUNOR_V2_4 SAEDRVT14_ELVLUNOR_V2_6 SAEDRVT14_ELVLUNOR_V2_8 SAEDRVT14_FSDN_V2_0P5 SAEDRVT14_LVLDBUFE0_IY2V1_1 SAEDRVT14_LVLDBUFE0_IY2V1_10 SAEDRVT14_LVLDBUFE0_IY2V1_12 SAEDRVT14_LVLDBUFE0_IY2V1_2 SAEDRVT14_LVLDBUFE0_IY2V1_3 SAEDRVT14_LVLDBUFE0_IY2V1_4 SAEDRVT14_LVLDBUFE0_IY2V1_6 SAEDRVT14_LVLDBUFE0_IY2V1_8 SAEDRVT14_LVLDBUFE0_IY2_1 SAEDRVT14_LVLDBUFE0_IY2_10 SAEDRVT14_LVLDBUFE0_IY2_12 SAEDRVT14_LVLDBUFE0_IY2_2 SAEDRVT14_LVLDBUFE0_IY2_3 SAEDRVT14_LVLDBUFE0_IY2_4 SAEDRVT14_LVLDBUFE0_IY2_6 SAEDRVT14_LVLDBUFE1_IY2V1_1 SAEDRVT14_LVLDBUFE1_IY2V1_10 SAEDRVT14_LVLDBUFE1_IY2V1_12 SAEDRVT14_LVLDBUFE1_IY2V1_2 SAEDRVT14_LVLDBUFE1_IY2V1_3 SAEDRVT14_LVLDBUFE1_IY2V1_4 SAEDRVT14_LVLDBUFE1_IY2V1_6 SAEDRVT14_LVLDBUFE1_IY2V1_8 SAEDRVT14_LVLDBUFE1_IY2_1 SAEDRVT14_LVLDBUFE1_IY2_10 SAEDRVT14_LVLDBUFE1_IY2_12 SAEDRVT14_LVLDBUFE1_IY2_2 SAEDRVT14_LVLDBUFE1_IY2_4 SAEDRVT14_LVLDBUFE1_IY2_6 SAEDRVT14_LVLDBUFE1_IY2_8 SAEDRVT14_LVLDBUF_IY2V1_1 SAEDRVT14_LVLDBUF_IY2V1_10 SAEDRVT14_LVLDBUF_IY2V1_12 SAEDRVT14_LVLDBUF_IY2V1_2 SAEDRVT14_LVLDBUF_IY2V1_3 SAEDRVT14_LVLDBUF_IY2V1_4 SAEDRVT14_LVLDBUF_IY2V1_6 SAEDRVT14_LVLDBUF_IY2V1_8 SAEDRVT14_LVLUBUF4E0_IY2_2 SAEDRVT14_LVLUBUF4E0_IY2_4 SAEDRVT14_LVLUBUF4E0_IY2_8 SAEDRVT14_LVLUBUFE0_IY2V1_1 SAEDRVT14_LVLUBUFE0_IY2V1_10 SAEDRVT14_LVLUBUFE0_IY2V1_12 SAEDRVT14_LVLUBUFE0_IY2V1_2 SAEDRVT14_LVLUBUFE0_IY2V1_3 SAEDRVT14_LVLUBUFE0_IY2V1_4 SAEDRVT14_LVLUBUFE0_IY2V1_6 SAEDRVT14_LVLUBUFE0_IY2V1_8 SAEDRVT14_LVLUBUFE0_IY2_1 SAEDRVT14_LVLUBUFE0_IY2_10 SAEDRVT14_LVLUBUFE0_IY2_12 SAEDRVT14_LVLUBUFE0_IY2_2 SAEDRVT14_LVLUBUFE0_IY2_3 SAEDRVT14_LVLUBUFE0_IY2_4 SAEDRVT14_LVLUBUFE0_IY2_6 SAEDRVT14_LVLUBUFE0_IY2_8 SAEDRVT14_LVLUBUFE1_IY2V1_1 SAEDRVT14_LVLUBUFE1_IY2V1_10 SAEDRVT14_LVLUBUFE1_IY2V1_12 SAEDRVT14_LVLUBUFE1_IY2V1_2 SAEDRVT14_LVLUBUFE1_IY2V1_3 SAEDRVT14_LVLUBUFE1_IY2V1_4 SAEDRVT14_LVLUBUFE1_IY2V1_6 SAEDRVT14_LVLUBUFE1_IY2V1_8 SAEDRVT14_LVLUBUFE1_IY2_1 SAEDRVT14_LVLUBUFE1_IY2_10 SAEDRVT14_LVLUBUFE1_IY2_12 SAEDRVT14_LVLUBUFE1_IY2_2 SAEDRVT14_LVLUBUFE1_IY2_3 SAEDRVT14_LVLUBUFE1_IY2_4 SAEDRVT14_LVLUBUFE1_IY2_6 SAEDRVT14_LVLUBUFE1_IY2_8 SAEDRVT14_LVLUBUF_IY2V1_1 SAEDRVT14_LVLUBUF_IY2V1_10 SAEDRVT14_LVLUBUF_IY2V1_12 SAEDRVT14_LVLUBUF_IY2V1_2 SAEDRVT14_LVLUBUF_IY2V1_3 SAEDRVT14_LVLUBUF_IY2V1_4 SAEDRVT14_LVLUBUF_IY2V1_6 SAEDRVT14_LVLUBUF_IY2V1_8 SAEDRVT14_LVLUBUF_IY2_1 SAEDRVT14_LVLUBUF_IY2_10 SAEDRVT14_LVLUBUF_IY2_12 SAEDRVT14_LVLUBUF_IY2_2 SAEDRVT14_LVLUBUF_IY2_3 SAEDRVT14_LVLUBUF_IY2_4 SAEDRVT14_LVLUBUF_IY2_6 SAEDRVT14_LVLUBUF_IY2_8 SAEDRVT14_PGATDRV_V1_8}
lib.workspace.include_design_filters {SAEDRVT14_AOLVLUBUFE0_IY2V1_1 SAEDRVT14_AOLVLUBUFE0_IY2V1_10 SAEDRVT14_AOLVLUBUFE0_IY2V1_12 SAEDRVT14_AOLVLUBUFE0_IY2V1_2 SAEDRVT14_AOLVLUBUFE0_IY2V1_3 SAEDRVT14_AOLVLUBUFE0_IY2V1_4 SAEDRVT14_AOLVLUBUFE0_IY2V1_6 SAEDRVT14_AOLVLUBUFE0_IY2V1_8 SAEDRVT14_AOLVLUBUFE1_IY2V1_1 SAEDRVT14_AOLVLUBUFE1_IY2V1_10 SAEDRVT14_AOLVLUBUFE1_IY2V1_12 SAEDRVT14_AOLVLUBUFE1_IY2V1_2 SAEDRVT14_AOLVLUBUFE1_IY2V1_3 SAEDRVT14_AOLVLUBUFE1_IY2V1_4 SAEDRVT14_AOLVLUBUFE1_IY2V1_6 SAEDRVT14_AOLVLUBUFE1_IY2V1_8 SAEDRVT14_AOLVLUBUF_IY2V1_1 SAEDRVT14_AOLVLUBUF_IY2V1_10 SAEDRVT14_AOLVLUBUF_IY2V1_12 SAEDRVT14_AOLVLUBUF_IY2V1_2 SAEDRVT14_AOLVLUBUF_IY2V1_3 SAEDRVT14_AOLVLUBUF_IY2V1_4 SAEDRVT14_AOLVLUBUF_IY2V1_6 SAEDRVT14_AOLVLUBUF_IY2V1_8 SAEDRVT14_ELVLDNOR_V2_1 SAEDRVT14_ELVLDNOR_V2_10 SAEDRVT14_ELVLDNOR_V2_12 SAEDRVT14_ELVLDNOR_V2_2 SAEDRVT14_ELVLDNOR_V2_3 SAEDRVT14_ELVLDNOR_V2_4 SAEDRVT14_ELVLDNOR_V2_6 SAEDRVT14_ELVLDNOR_V2_8 SAEDRVT14_ELVLUNOR_V2_1 SAEDRVT14_ELVLUNOR_V2_10 SAEDRVT14_ELVLUNOR_V2_12 SAEDRVT14_ELVLUNOR_V2_2 SAEDRVT14_ELVLUNOR_V2_3 SAEDRVT14_ELVLUNOR_V2_4 SAEDRVT14_ELVLUNOR_V2_6 SAEDRVT14_ELVLUNOR_V2_8 SAEDRVT14_FSDN_V2_0P5 SAEDRVT14_LVLDBUFE0_IY2V1_1 SAEDRVT14_LVLDBUFE0_IY2V1_10 SAEDRVT14_LVLDBUFE0_IY2V1_12 SAEDRVT14_LVLDBUFE0_IY2V1_2 SAEDRVT14_LVLDBUFE0_IY2V1_3 SAEDRVT14_LVLDBUFE0_IY2V1_4 SAEDRVT14_LVLDBUFE0_IY2V1_6 SAEDRVT14_LVLDBUFE0_IY2V1_8 SAEDRVT14_LVLDBUFE0_IY2_1 SAEDRVT14_LVLDBUFE0_IY2_10 SAEDRVT14_LVLDBUFE0_IY2_12 SAEDRVT14_LVLDBUFE0_IY2_2 SAEDRVT14_LVLDBUFE0_IY2_3 SAEDRVT14_LVLDBUFE0_IY2_4 SAEDRVT14_LVLDBUFE0_IY2_6 SAEDRVT14_LVLDBUFE1_IY2V1_1 SAEDRVT14_LVLDBUFE1_IY2V1_10 SAEDRVT14_LVLDBUFE1_IY2V1_12 SAEDRVT14_LVLDBUFE1_IY2V1_2 SAEDRVT14_LVLDBUFE1_IY2V1_3 SAEDRVT14_LVLDBUFE1_IY2V1_4 SAEDRVT14_LVLDBUFE1_IY2V1_6 SAEDRVT14_LVLDBUFE1_IY2V1_8 SAEDRVT14_LVLDBUFE1_IY2_1 SAEDRVT14_LVLDBUFE1_IY2_10 SAEDRVT14_LVLDBUFE1_IY2_12 SAEDRVT14_LVLDBUFE1_IY2_2 SAEDRVT14_LVLDBUFE1_IY2_4 SAEDRVT14_LVLDBUFE1_IY2_6 SAEDRVT14_LVLDBUFE1_IY2_8 SAEDRVT14_LVLDBUF_IY2V1_1 SAEDRVT14_LVLDBUF_IY2V1_10 SAEDRVT14_LVLDBUF_IY2V1_12 SAEDRVT14_LVLDBUF_IY2V1_2 SAEDRVT14_LVLDBUF_IY2V1_3 SAEDRVT14_LVLDBUF_IY2V1_4 SAEDRVT14_LVLDBUF_IY2V1_6 SAEDRVT14_LVLDBUF_IY2V1_8 SAEDRVT14_LVLUBUF4E0_IY2_2 SAEDRVT14_LVLUBUF4E0_IY2_4 SAEDRVT14_LVLUBUF4E0_IY2_8 SAEDRVT14_LVLUBUFE0_IY2V1_1 SAEDRVT14_LVLUBUFE0_IY2V1_10 SAEDRVT14_LVLUBUFE0_IY2V1_12 SAEDRVT14_LVLUBUFE0_IY2V1_2 SAEDRVT14_LVLUBUFE0_IY2V1_3 SAEDRVT14_LVLUBUFE0_IY2V1_4 SAEDRVT14_LVLUBUFE0_IY2V1_6 SAEDRVT14_LVLUBUFE0_IY2V1_8 SAEDRVT14_LVLUBUFE0_IY2_1 SAEDRVT14_LVLUBUFE0_IY2_10 SAEDRVT14_LVLUBUFE0_IY2_12 SAEDRVT14_LVLUBUFE0_IY2_2 SAEDRVT14_LVLUBUFE0_IY2_3 SAEDRVT14_LVLUBUFE0_IY2_4 SAEDRVT14_LVLUBUFE0_IY2_6 SAEDRVT14_LVLUBUFE0_IY2_8 SAEDRVT14_LVLUBUFE1_IY2V1_1 SAEDRVT14_LVLUBUFE1_IY2V1_10 SAEDRVT14_LVLUBUFE1_IY2V1_12 SAEDRVT14_LVLUBUFE1_IY2V1_2 SAEDRVT14_LVLUBUFE1_IY2V1_3 SAEDRVT14_LVLUBUFE1_IY2V1_4 SAEDRVT14_LVLUBUFE1_IY2V1_6 SAEDRVT14_LVLUBUFE1_IY2V1_8 SAEDRVT14_LVLUBUFE1_IY2_1 SAEDRVT14_LVLUBUFE1_IY2_10 SAEDRVT14_LVLUBUFE1_IY2_12 SAEDRVT14_LVLUBUFE1_IY2_2 SAEDRVT14_LVLUBUFE1_IY2_3 SAEDRVT14_LVLUBUFE1_IY2_4 SAEDRVT14_LVLUBUFE1_IY2_6 SAEDRVT14_LVLUBUFE1_IY2_8 SAEDRVT14_LVLUBUF_IY2V1_1 SAEDRVT14_LVLUBUF_IY2V1_10 SAEDRVT14_LVLUBUF_IY2V1_12 SAEDRVT14_LVLUBUF_IY2V1_2 SAEDRVT14_LVLUBUF_IY2V1_3 SAEDRVT14_LVLUBUF_IY2V1_4 SAEDRVT14_LVLUBUF_IY2V1_6 SAEDRVT14_LVLUBUF_IY2V1_8 SAEDRVT14_LVLUBUF_IY2_1 SAEDRVT14_LVLUBUF_IY2_10 SAEDRVT14_LVLUBUF_IY2_12 SAEDRVT14_LVLUBUF_IY2_2 SAEDRVT14_LVLUBUF_IY2_3 SAEDRVT14_LVLUBUF_IY2_4 SAEDRVT14_LVLUBUF_IY2_6 SAEDRVT14_LVLUBUF_IY2_8 SAEDRVT14_PGATDRV_V1_8}
read_ndm /mnt/hgfs/ASIC_shared/LIBs/stdcell_rvt/ndm/saed14rvt_frame_only.ndm
Information: Loading library file '/mnt/hgfs/ASIC_shared/LIBs/stdcell_rvt/ndm/saed14rvt_frame_only.ndm' (FILE-007)
... including SAEDRVT14_AOLVLUBUFE0_IY2V1_1/frame
... including SAEDRVT14_AOLVLUBUFE0_IY2V1_10/frame
... including SAEDRVT14_AOLVLUBUFE0_IY2V1_12/frame
... including SAEDRVT14_AOLVLUBUFE0_IY2V1_2/frame
... including SAEDRVT14_AOLVLUBUFE0_IY2V1_3/frame
... including SAEDRVT14_AOLVLUBUFE0_IY2V1_4/frame
... including SAEDRVT14_AOLVLUBUFE0_IY2V1_6/frame
... including SAEDRVT14_AOLVLUBUFE0_IY2V1_8/frame
... including SAEDRVT14_AOLVLUBUFE1_IY2V1_1/frame
... including SAEDRVT14_AOLVLUBUFE1_IY2V1_10/frame
... including SAEDRVT14_AOLVLUBUFE1_IY2V1_12/frame
... including SAEDRVT14_AOLVLUBUFE1_IY2V1_2/frame
... including SAEDRVT14_AOLVLUBUFE1_IY2V1_3/frame
... including SAEDRVT14_AOLVLUBUFE1_IY2V1_4/frame
... including SAEDRVT14_AOLVLUBUFE1_IY2V1_6/frame
... including SAEDRVT14_AOLVLUBUFE1_IY2V1_8/frame
... including SAEDRVT14_AOLVLUBUF_IY2V1_1/frame
... including SAEDRVT14_AOLVLUBUF_IY2V1_10/frame
... including SAEDRVT14_AOLVLUBUF_IY2V1_12/frame
... including SAEDRVT14_AOLVLUBUF_IY2V1_2/frame
... including SAEDRVT14_AOLVLUBUF_IY2V1_3/frame
... including SAEDRVT14_AOLVLUBUF_IY2V1_4/frame
... including SAEDRVT14_AOLVLUBUF_IY2V1_6/frame
... including SAEDRVT14_AOLVLUBUF_IY2V1_8/frame
... including SAEDRVT14_ELVLDNOR_V2_1/frame
... including SAEDRVT14_ELVLDNOR_V2_10/frame
... including SAEDRVT14_ELVLDNOR_V2_12/frame
... including SAEDRVT14_ELVLDNOR_V2_2/frame
... including SAEDRVT14_ELVLDNOR_V2_3/frame
... including SAEDRVT14_ELVLDNOR_V2_4/frame
... including SAEDRVT14_ELVLDNOR_V2_6/frame
... including SAEDRVT14_ELVLDNOR_V2_8/frame
... including SAEDRVT14_ELVLUNOR_V2_1/frame
... including SAEDRVT14_ELVLUNOR_V2_10/frame
... including SAEDRVT14_ELVLUNOR_V2_12/frame
... including SAEDRVT14_ELVLUNOR_V2_2/frame
... including SAEDRVT14_ELVLUNOR_V2_3/frame
... including SAEDRVT14_ELVLUNOR_V2_4/frame
... including SAEDRVT14_ELVLUNOR_V2_6/frame
... including SAEDRVT14_ELVLUNOR_V2_8/frame
... including SAEDRVT14_FSDN_V2_0P5/frame
... including SAEDRVT14_LVLDBUFE0_IY2V1_1/frame
... including SAEDRVT14_LVLDBUFE0_IY2V1_10/frame
... including SAEDRVT14_LVLDBUFE0_IY2V1_12/frame
... including SAEDRVT14_LVLDBUFE0_IY2V1_2/frame
... including SAEDRVT14_LVLDBUFE0_IY2V1_3/frame
... including SAEDRVT14_LVLDBUFE0_IY2V1_4/frame
... including SAEDRVT14_LVLDBUFE0_IY2V1_6/frame
... including SAEDRVT14_LVLDBUFE0_IY2V1_8/frame
... including SAEDRVT14_LVLDBUFE0_IY2_1/frame
... including SAEDRVT14_LVLDBUFE0_IY2_10/frame
... including SAEDRVT14_LVLDBUFE0_IY2_12/frame
... including SAEDRVT14_LVLDBUFE0_IY2_2/frame
... including SAEDRVT14_LVLDBUFE0_IY2_3/frame
... including SAEDRVT14_LVLDBUFE0_IY2_4/frame
... including SAEDRVT14_LVLDBUFE0_IY2_6/frame
... including SAEDRVT14_LVLDBUFE1_IY2V1_1/frame
... including SAEDRVT14_LVLDBUFE1_IY2V1_10/frame
... including SAEDRVT14_LVLDBUFE1_IY2V1_12/frame
... including SAEDRVT14_LVLDBUFE1_IY2V1_2/frame
... including SAEDRVT14_LVLDBUFE1_IY2V1_3/frame
... including SAEDRVT14_LVLDBUFE1_IY2V1_4/frame
... including SAEDRVT14_LVLDBUFE1_IY2V1_6/frame
... including SAEDRVT14_LVLDBUFE1_IY2V1_8/frame
... including SAEDRVT14_LVLDBUFE1_IY2_1/frame
... including SAEDRVT14_LVLDBUFE1_IY2_10/frame
... including SAEDRVT14_LVLDBUFE1_IY2_12/frame
... including SAEDRVT14_LVLDBUFE1_IY2_2/frame
... including SAEDRVT14_LVLDBUFE1_IY2_4/frame
... including SAEDRVT14_LVLDBUFE1_IY2_6/frame
... including SAEDRVT14_LVLDBUFE1_IY2_8/frame
... including SAEDRVT14_LVLDBUF_IY2V1_1/frame
... including SAEDRVT14_LVLDBUF_IY2V1_10/frame
... including SAEDRVT14_LVLDBUF_IY2V1_12/frame
... including SAEDRVT14_LVLDBUF_IY2V1_2/frame
... including SAEDRVT14_LVLDBUF_IY2V1_3/frame
... including SAEDRVT14_LVLDBUF_IY2V1_4/frame
... including SAEDRVT14_LVLDBUF_IY2V1_6/frame
... including SAEDRVT14_LVLDBUF_IY2V1_8/frame
... including SAEDRVT14_LVLUBUF4E0_IY2_2/frame
... including SAEDRVT14_LVLUBUF4E0_IY2_4/frame
... including SAEDRVT14_LVLUBUF4E0_IY2_8/frame
... including SAEDRVT14_LVLUBUFE0_IY2V1_1/frame
... including SAEDRVT14_LVLUBUFE0_IY2V1_10/frame
... including SAEDRVT14_LVLUBUFE0_IY2V1_12/frame
... including SAEDRVT14_LVLUBUFE0_IY2V1_2/frame
... including SAEDRVT14_LVLUBUFE0_IY2V1_3/frame
... including SAEDRVT14_LVLUBUFE0_IY2V1_4/frame
... including SAEDRVT14_LVLUBUFE0_IY2V1_6/frame
... including SAEDRVT14_LVLUBUFE0_IY2V1_8/frame
... including SAEDRVT14_LVLUBUFE0_IY2_1/frame
... including SAEDRVT14_LVLUBUFE0_IY2_10/frame
... including SAEDRVT14_LVLUBUFE0_IY2_12/frame
... including SAEDRVT14_LVLUBUFE0_IY2_2/frame
... including SAEDRVT14_LVLUBUFE0_IY2_3/frame
... including SAEDRVT14_LVLUBUFE0_IY2_4/frame
... including SAEDRVT14_LVLUBUFE0_IY2_6/frame
... including SAEDRVT14_LVLUBUFE0_IY2_8/frame
... including SAEDRVT14_LVLUBUFE1_IY2V1_1/frame
... including SAEDRVT14_LVLUBUFE1_IY2V1_10/frame
... including SAEDRVT14_LVLUBUFE1_IY2V1_12/frame
... including SAEDRVT14_LVLUBUFE1_IY2V1_2/frame
... including SAEDRVT14_LVLUBUFE1_IY2V1_3/frame
... including SAEDRVT14_LVLUBUFE1_IY2V1_4/frame
... including SAEDRVT14_LVLUBUFE1_IY2V1_6/frame
... including SAEDRVT14_LVLUBUFE1_IY2V1_8/frame
... including SAEDRVT14_LVLUBUFE1_IY2_1/frame
... including SAEDRVT14_LVLUBUFE1_IY2_10/frame
... including SAEDRVT14_LVLUBUFE1_IY2_12/frame
... including SAEDRVT14_LVLUBUFE1_IY2_2/frame
... including SAEDRVT14_LVLUBUFE1_IY2_3/frame
... including SAEDRVT14_LVLUBUFE1_IY2_4/frame
... including SAEDRVT14_LVLUBUFE1_IY2_6/frame
... including SAEDRVT14_LVLUBUFE1_IY2_8/frame
... including SAEDRVT14_LVLUBUF_IY2V1_1/frame
... including SAEDRVT14_LVLUBUF_IY2V1_10/frame
... including SAEDRVT14_LVLUBUF_IY2V1_12/frame
... including SAEDRVT14_LVLUBUF_IY2V1_2/frame
... including SAEDRVT14_LVLUBUF_IY2V1_3/frame
... including SAEDRVT14_LVLUBUF_IY2V1_4/frame
... including SAEDRVT14_LVLUBUF_IY2V1_6/frame
... including SAEDRVT14_LVLUBUF_IY2V1_8/frame
... including SAEDRVT14_LVLUBUF_IY2_1/frame
... including SAEDRVT14_LVLUBUF_IY2_10/frame
... including SAEDRVT14_LVLUBUF_IY2_12/frame
... including SAEDRVT14_LVLUBUF_IY2_2/frame
... including SAEDRVT14_LVLUBUF_IY2_3/frame
... including SAEDRVT14_LVLUBUF_IY2_4/frame
... including SAEDRVT14_LVLUBUF_IY2_6/frame
... including SAEDRVT14_LVLUBUF_IY2_8/frame
... including SAEDRVT14_PGATDRV_V1_8/frame
{saed14rvt_frame_only}
reset_app_options lib.workspace.include_design_filters
1
process_workspaces -check_options {-allow_missing} -output CLIBs/saed14rvt_c_physical_only.ndm -force

Checking whether can reuse an existing library for workspace saed14rvt_c_physical_only ...
Information: Cannot reuse library CLIBs/saed14rvt_c_physical_only.ndm for workspace saed14rvt_c_physical_only: library not exists. (LMUI-053)
Warning: Cannot specify the -allow_missing option in the physical_only flow. It is ignored. (LMUI-009)
Checking libraries...
Building a physical-only workspace...
... looking for physical-only designs ...
Information: Copied 131 physical designs (LM-050)

Workspace check succeeded!
... wrote CLIBs/saed14rvt_c_physical_only.ndm
... removing library 'saed14rvt_frame_only'
... lib workspace removed!

Warning: EMS database "check_workspace.ems" already exists, over-writing it. (EMS-040)
remove_workspace
Maximum memory usage for this session: 74.93 MB
CPU usage for this session:      0 seconds (  0.00 hours)
Elapsed time for this session:      1 seconds (  0.00 hours)
Thank you for using IC Compiler II Library Manager.

