****************************************
Report : report_utilization
Design : riscv_core
Version: O-2018.06-SP1
Date   : Wed Apr 24 15:11:27 2024
****************************************
Utilization Ratio:			0.7452
Utilization options:
 - Area calculation based on:		site_row of block riscv_core
 - Categories of objects excluded:	hard_macros macro_keepouts soft_macros io_cells hard_blockages 
Total Area:				18901.5684
Total Capacity Area:			18901.5684
Total Area of cells:			14084.8344
Area of excluded objects:
 - hard_macros         :		0.0000
 - macro_keepouts      :		0.0000
 - soft_macros         :		0.0000
 - io_cells            :		0.0000
 - hard_blockages      :		0.0000

Utilization of site-rows with:
 - Site 'unit':				0.7452

0.7452
