Warning: duplicate option '-nosplit' overrides previous value. (CMD-018)
****************************************
Report : constraint
        -all_violators
        -max_transition
        -max_capacitance
        -max_delay
        -min_delay
Design : riscv_core
Version: O-2018.06-SP1
Date   : Wed Apr 24 15:11:12 2024
****************************************

   late_timing
   -----------

Endpoint                         Path Delay     Path Required       CRP    Slack Group    Scenario
----------------------------------------------------------------------------------------------------------
No paths.

   early_timing
   -----------

Endpoint                         Path Delay     Path Required       CRP    Slack Group    Scenario
----------------------------------------------------------------------------------------------------------
No paths.

   Mode: func Corner: fast
   Scenario: func_fast
  ---------------------------------------------------------------------------
   Number of max_transition violation(s): 0

   Mode: func Corner: slow
   Scenario: func_slow
  ---------------------------------------------------------------------------
   Number of max_transition violation(s): 0

   Mode: test Corner: fast
   Scenario: test_fast
  ---------------------------------------------------------------------------
   Number of max_transition violation(s): 0

   Mode: test Corner: slow
   Scenario: test_slow
  ---------------------------------------------------------------------------
   Number of max_transition violation(s): 0

   Mode: func Corner: fast
   Scenario: func_fast
  ---------------------------------------------------------------------------
   Number of max_capacitance violation(s): 0

   Mode: func Corner: slow
   Scenario: func_slow
   max_capacitance                                                             
                             Required        Actual                            
   Net                      Capacitance    Capacitance       Slack  Violation  
  ---------------------------------------------------------------------------
   id_stage_i/n_2_net__12_     38.03          52.09         -14.06  (VIOLATED) 
     PIN : id_stage_i/U1441/X    38.03        52.09         -14.06  (VIOLATED) 

   id_stage_i/n_2_net__15_     38.03          49.89         -11.86  (VIOLATED) 
     PIN : id_stage_i/U1455/X    38.03        49.89         -11.86  (VIOLATED) 

   id_stage_i/n_2_net__13_     38.03          47.90          -9.87  (VIOLATED) 
     PIN : id_stage_i/U1376/X    38.03        47.90          -9.87  (VIOLATED) 

   id_stage_i/n_2_net__16_     38.03          46.42          -8.39  (VIOLATED) 
     PIN : id_stage_i/U1927/X    38.03        46.42          -8.39  (VIOLATED) 

   id_stage_i/n_2_net__17_     38.03          45.00          -6.97  (VIOLATED) 
     PIN : id_stage_i/U1983/X    38.03        45.00          -6.97  (VIOLATED) 

   n6632                       27.90          34.63          -6.73  (VIOLATED) 
     PIN : U4597/X             27.90          34.63          -6.73  (VIOLATED) 

   id_stage_i/n_2_net__20_     38.03          44.65          -6.62  (VIOLATED) 
     PIN : id_stage_i/U1933/X    38.03        44.65          -6.62  (VIOLATED) 

   id_stage_i/n_2_net__29_     38.03          43.99          -5.96  (VIOLATED) 
     PIN : id_stage_i/U1926/X    38.03        43.99          -5.96  (VIOLATED) 

   n4751                       18.58          24.51          -5.93  (VIOLATED) 
     PIN : U5243/X             18.58          24.51          -5.93  (VIOLATED) 

   id_stage_i/n_2_net__27_     38.03          43.71          -5.68  (VIOLATED) 
     PIN : id_stage_i/U1982/X    38.03        43.71          -5.68  (VIOLATED) 

   id_stage_i/n_2_net__28_     38.03          43.44          -5.41  (VIOLATED) 
     PIN : id_stage_i/U2143/X    38.03        43.44          -5.41  (VIOLATED) 

   id_stage_i/n_2_net__22_     38.03          42.38          -4.35  (VIOLATED) 
     PIN : id_stage_i/U1929/X    38.03        42.38          -4.35  (VIOLATED) 

   id_stage_i/n_2_net__30_     38.03          42.32          -4.29  (VIOLATED) 
     PIN : id_stage_i/U1984/X    38.03        42.32          -4.29  (VIOLATED) 

   id_stage_i/n_2_net__21_     38.03          41.97          -3.94  (VIOLATED) 
     PIN : id_stage_i/U1930/X    38.03        41.97          -3.94  (VIOLATED) 

   id_stage_i/n_2_net__26_     38.03          41.94          -3.91  (VIOLATED) 
     PIN : id_stage_i/U1925/X    38.03        41.94          -3.91  (VIOLATED) 

   id_stage_i/n_2_net__31_     38.03          41.86          -3.83  (VIOLATED) 
     PIN : id_stage_i/U1961/X    38.03        41.86          -3.83  (VIOLATED) 

   ex_stage_i_mult_i/n1350     18.58          22.17          -3.59  (VIOLATED) 
     PIN : ex_stage_i_mult_i/U2161/X    18.58    22.17       -3.59  (VIOLATED) 

   id_stage_i/n_2_net__4_      38.03          41.56          -3.53  (VIOLATED) 
     PIN : id_stage_i/U1378/X    38.03        41.56          -3.53  (VIOLATED) 

   id_stage_i/n_2_net__5_      38.03          41.25          -3.22  (VIOLATED) 
     PIN : id_stage_i/U1837/X    38.03        41.25          -3.22  (VIOLATED) 

   n4772                       18.58          21.68          -3.10  (VIOLATED) 
     PIN : U5264/X             18.58          21.68          -3.10  (VIOLATED) 

   id_stage_i/n_2_net__3_      38.03          41.04          -3.01  (VIOLATED) 
     PIN : id_stage_i/U2117/X    38.03        41.04          -3.01  (VIOLATED) 

   ex_stage_i_mult_i/n1349     18.58          21.49          -2.91  (VIOLATED) 
     PIN : ex_stage_i_mult_i/U2157/X    18.58    21.49       -2.91  (VIOLATED) 

   id_stage_i/n_2_net__24_     38.03          40.85          -2.82  (VIOLATED) 
     PIN : id_stage_i/U1932/X    38.03        40.85          -2.82  (VIOLATED) 

   regfile_wdata[28]           38.03          40.72          -2.69  (VIOLATED) 
     PIN : U5722/X             38.03          40.72          -2.69  (VIOLATED) 

   id_stage_i/n_2_net__7_      38.03          40.72          -2.69  (VIOLATED) 
     PIN : id_stage_i/U2078/X    38.03        40.72          -2.69  (VIOLATED) 

   n4542                       18.58          21.19          -2.61  (VIOLATED) 
     PIN : U5012/X             18.58          21.19          -2.61  (VIOLATED) 

   n5455                       18.58          21.19          -2.61  (VIOLATED) 
     PIN : U6107/X             18.58          21.19          -2.61  (VIOLATED) 

   ex_stage_i_mult_i/n1391     18.58          21.14          -2.56  (VIOLATED) 
     PIN : ex_stage_i_mult_i/U2128/X    18.58    21.14       -2.56  (VIOLATED) 

   ex_stage_i_mult_i/n1389     18.58          21.05          -2.47  (VIOLATED) 
     PIN : ex_stage_i_mult_i/U2145/X    18.58    21.05       -2.47  (VIOLATED) 

   id_stage_i/n_2_net__1_      38.03          40.49          -2.46  (VIOLATED) 
     PIN : id_stage_i/U2140/X    38.03        40.49          -2.46  (VIOLATED) 

   n4713                       18.58          20.99          -2.41  (VIOLATED) 
     PIN : U5201/X             18.58          20.99          -2.41  (VIOLATED) 

   regfile_wdata[21]           38.03          40.29          -2.26  (VIOLATED) 
     PIN : U5633/X             38.03          40.29          -2.26  (VIOLATED) 

   n4482                       18.58          20.82          -2.24  (VIOLATED) 
     PIN : U4941/X             18.58          20.82          -2.24  (VIOLATED) 

   n4444                       18.58          20.81          -2.23  (VIOLATED) 
     PIN : U4892/X             18.58          20.81          -2.23  (VIOLATED) 

   n4422                       18.58          20.79          -2.21  (VIOLATED) 
     PIN : U4869/X             18.58          20.79          -2.21  (VIOLATED) 

   n4675                       18.58          20.73          -2.15  (VIOLATED) 
     PIN : U5159/X             18.58          20.73          -2.15  (VIOLATED) 

   n4462                       18.58          20.71          -2.13  (VIOLATED) 
     PIN : U4919/X             18.58          20.71          -2.13  (VIOLATED) 

   ex_stage_i_mult_i/n1351     18.58          20.56          -1.98  (VIOLATED) 
     PIN : ex_stage_i_mult_i/U2141/X    18.58    20.56       -1.98  (VIOLATED) 

   id_stage_i/n_2_net__2_      38.03          39.89          -1.86  (VIOLATED) 
     PIN : id_stage_i/U2115/X    38.03        39.89          -1.86  (VIOLATED) 

   regfile_wdata[22]           38.03          39.75          -1.72  (VIOLATED) 
     PIN : U5626/X             38.03          39.75          -1.72  (VIOLATED) 

   n4637                       18.58          19.92          -1.34  (VIOLATED) 
     PIN : U5117/X             18.58          19.92          -1.34  (VIOLATED) 

   n4504                       18.58          19.81          -1.23  (VIOLATED) 
     PIN : U4970/X             18.58          19.81          -1.23  (VIOLATED) 

   ex_stage_i_alu_i/n3774      27.90          29.03          -1.13  (VIOLATED) 
     PIN : ex_stage_i_alu_i/U1497/X    27.90    29.03        -1.13  (VIOLATED) 

   regfile_wdata[16]           38.03          39.15          -1.12  (VIOLATED) 
     PIN : U5619/X             38.03          39.15          -1.12  (VIOLATED) 

   n4523                       18.58          19.68          -1.10  (VIOLATED) 
     PIN : U4991/X             18.58          19.68          -1.10  (VIOLATED) 

   n4732                       18.58          19.61          -1.03  (VIOLATED) 
     PIN : U5222/X             18.58          19.61          -1.03  (VIOLATED) 

   n4694                       18.58          19.46          -0.88  (VIOLATED) 
     PIN : U5180/X             18.58          19.46          -0.88  (VIOLATED) 

   ex_stage_i_mult_i/n1301     18.58          19.45          -0.87  (VIOLATED) 
     PIN : ex_stage_i_mult_i/U2177/X    18.58    19.45       -0.87  (VIOLATED) 

   id_stage_i/registers_i/n4274    46.74      47.58          -0.84  (VIOLATED) 
     PIN : id_stage_i/registers_i/U4350/X    46.74    47.58    -0.84 (VIOLATED)

   n4657                       18.58          19.24          -0.66  (VIOLATED) 
     PIN : U5137/X             18.58          19.24          -0.66  (VIOLATED) 

   n5410                       18.58          19.18          -0.60  (VIOLATED) 
     PIN : U6079/X             18.58          19.18          -0.60  (VIOLATED) 

   regfile_wdata[30]           38.03          38.23          -0.20  (VIOLATED) 
     PIN : U5662/X             38.03          38.23          -0.20  (VIOLATED) 

   n4561                       18.58          18.71          -0.13  (VIOLATED) 
     PIN : U5033/X             18.58          18.71          -0.13  (VIOLATED) 

  ---------------------------------------------------------------------------
   Number of max_capacitance violation(s): 53

   Mode: test Corner: fast
   Scenario: test_fast
  ---------------------------------------------------------------------------
   Number of max_capacitance violation(s): 0

   Mode: test Corner: slow
   Scenario: test_slow
   max_capacitance                                                             
                             Required        Actual                            
   Net                      Capacitance    Capacitance       Slack  Violation  
  ---------------------------------------------------------------------------
   id_stage_i/n_2_net__12_     38.03          52.09         -14.06  (VIOLATED) 
     PIN : id_stage_i/U1441/X    38.03        52.09         -14.06  (VIOLATED) 

   id_stage_i/n_2_net__15_     38.03          49.89         -11.86  (VIOLATED) 
     PIN : id_stage_i/U1455/X    38.03        49.89         -11.86  (VIOLATED) 

   id_stage_i/n_2_net__13_     38.03          47.90          -9.87  (VIOLATED) 
     PIN : id_stage_i/U1376/X    38.03        47.90          -9.87  (VIOLATED) 

   id_stage_i/n_2_net__16_     38.03          46.42          -8.39  (VIOLATED) 
     PIN : id_stage_i/U1927/X    38.03        46.42          -8.39  (VIOLATED) 

   id_stage_i/n_2_net__17_     38.03          45.00          -6.97  (VIOLATED) 
     PIN : id_stage_i/U1983/X    38.03        45.00          -6.97  (VIOLATED) 

   n6632                       27.90          34.63          -6.73  (VIOLATED) 
     PIN : U4597/X             27.90          34.63          -6.73  (VIOLATED) 

   id_stage_i/n_2_net__20_     38.03          44.65          -6.62  (VIOLATED) 
     PIN : id_stage_i/U1933/X    38.03        44.65          -6.62  (VIOLATED) 

   id_stage_i/n_2_net__29_     38.03          43.99          -5.96  (VIOLATED) 
     PIN : id_stage_i/U1926/X    38.03        43.99          -5.96  (VIOLATED) 

   n4751                       18.58          24.51          -5.93  (VIOLATED) 
     PIN : U5243/X             18.58          24.51          -5.93  (VIOLATED) 

   id_stage_i/n_2_net__27_     38.03          43.71          -5.68  (VIOLATED) 
     PIN : id_stage_i/U1982/X    38.03        43.71          -5.68  (VIOLATED) 

   id_stage_i/n_2_net__28_     38.03          43.44          -5.41  (VIOLATED) 
     PIN : id_stage_i/U2143/X    38.03        43.44          -5.41  (VIOLATED) 

   id_stage_i/n_2_net__22_     38.03          42.38          -4.35  (VIOLATED) 
     PIN : id_stage_i/U1929/X    38.03        42.38          -4.35  (VIOLATED) 

   id_stage_i/n_2_net__30_     38.03          42.32          -4.29  (VIOLATED) 
     PIN : id_stage_i/U1984/X    38.03        42.32          -4.29  (VIOLATED) 

   id_stage_i/n_2_net__21_     38.03          41.97          -3.94  (VIOLATED) 
     PIN : id_stage_i/U1930/X    38.03        41.97          -3.94  (VIOLATED) 

   id_stage_i/n_2_net__26_     38.03          41.94          -3.91  (VIOLATED) 
     PIN : id_stage_i/U1925/X    38.03        41.94          -3.91  (VIOLATED) 

   id_stage_i/n_2_net__31_     38.03          41.86          -3.83  (VIOLATED) 
     PIN : id_stage_i/U1961/X    38.03        41.86          -3.83  (VIOLATED) 

   ex_stage_i_mult_i/n1350     18.58          22.17          -3.59  (VIOLATED) 
     PIN : ex_stage_i_mult_i/U2161/X    18.58    22.17       -3.59  (VIOLATED) 

   id_stage_i/n_2_net__4_      38.03          41.56          -3.53  (VIOLATED) 
     PIN : id_stage_i/U1378/X    38.03        41.56          -3.53  (VIOLATED) 

   id_stage_i/n_2_net__5_      38.03          41.25          -3.22  (VIOLATED) 
     PIN : id_stage_i/U1837/X    38.03        41.25          -3.22  (VIOLATED) 

   n4772                       18.58          21.68          -3.10  (VIOLATED) 
     PIN : U5264/X             18.58          21.68          -3.10  (VIOLATED) 

   id_stage_i/n_2_net__3_      38.03          41.04          -3.01  (VIOLATED) 
     PIN : id_stage_i/U2117/X    38.03        41.04          -3.01  (VIOLATED) 

   ex_stage_i_mult_i/n1349     18.58          21.49          -2.91  (VIOLATED) 
     PIN : ex_stage_i_mult_i/U2157/X    18.58    21.49       -2.91  (VIOLATED) 

   id_stage_i/n_2_net__24_     38.03          40.85          -2.82  (VIOLATED) 
     PIN : id_stage_i/U1932/X    38.03        40.85          -2.82  (VIOLATED) 

   regfile_wdata[28]           38.03          40.72          -2.69  (VIOLATED) 
     PIN : U5722/X             38.03          40.72          -2.69  (VIOLATED) 

   id_stage_i/n_2_net__7_      38.03          40.72          -2.69  (VIOLATED) 
     PIN : id_stage_i/U2078/X    38.03        40.72          -2.69  (VIOLATED) 

   n4542                       18.58          21.19          -2.61  (VIOLATED) 
     PIN : U5012/X             18.58          21.19          -2.61  (VIOLATED) 

   n5455                       18.58          21.19          -2.61  (VIOLATED) 
     PIN : U6107/X             18.58          21.19          -2.61  (VIOLATED) 

   ex_stage_i_mult_i/n1391     18.58          21.14          -2.56  (VIOLATED) 
     PIN : ex_stage_i_mult_i/U2128/X    18.58    21.14       -2.56  (VIOLATED) 

   ex_stage_i_mult_i/n1389     18.58          21.05          -2.47  (VIOLATED) 
     PIN : ex_stage_i_mult_i/U2145/X    18.58    21.05       -2.47  (VIOLATED) 

   id_stage_i/n_2_net__1_      38.03          40.49          -2.46  (VIOLATED) 
     PIN : id_stage_i/U2140/X    38.03        40.49          -2.46  (VIOLATED) 

   n4713                       18.58          20.99          -2.41  (VIOLATED) 
     PIN : U5201/X             18.58          20.99          -2.41  (VIOLATED) 

   regfile_wdata[21]           38.03          40.29          -2.26  (VIOLATED) 
     PIN : U5633/X             38.03          40.29          -2.26  (VIOLATED) 

   n4482                       18.58          20.82          -2.24  (VIOLATED) 
     PIN : U4941/X             18.58          20.82          -2.24  (VIOLATED) 

   n4444                       18.58          20.81          -2.23  (VIOLATED) 
     PIN : U4892/X             18.58          20.81          -2.23  (VIOLATED) 

   n4422                       18.58          20.79          -2.21  (VIOLATED) 
     PIN : U4869/X             18.58          20.79          -2.21  (VIOLATED) 

   n4675                       18.58          20.73          -2.15  (VIOLATED) 
     PIN : U5159/X             18.58          20.73          -2.15  (VIOLATED) 

   n4462                       18.58          20.71          -2.13  (VIOLATED) 
     PIN : U4919/X             18.58          20.71          -2.13  (VIOLATED) 

   ex_stage_i_mult_i/n1351     18.58          20.56          -1.98  (VIOLATED) 
     PIN : ex_stage_i_mult_i/U2141/X    18.58    20.56       -1.98  (VIOLATED) 

   id_stage_i/n_2_net__2_      38.03          39.89          -1.86  (VIOLATED) 
     PIN : id_stage_i/U2115/X    38.03        39.89          -1.86  (VIOLATED) 

   regfile_wdata[22]           38.03          39.75          -1.72  (VIOLATED) 
     PIN : U5626/X             38.03          39.75          -1.72  (VIOLATED) 

   n4637                       18.58          19.92          -1.34  (VIOLATED) 
     PIN : U5117/X             18.58          19.92          -1.34  (VIOLATED) 

   n4504                       18.58          19.81          -1.23  (VIOLATED) 
     PIN : U4970/X             18.58          19.81          -1.23  (VIOLATED) 

   ex_stage_i_alu_i/n3774      27.90          29.03          -1.13  (VIOLATED) 
     PIN : ex_stage_i_alu_i/U1497/X    27.90    29.03        -1.13  (VIOLATED) 

   regfile_wdata[16]           38.03          39.15          -1.12  (VIOLATED) 
     PIN : U5619/X             38.03          39.15          -1.12  (VIOLATED) 

   n4523                       18.58          19.68          -1.10  (VIOLATED) 
     PIN : U4991/X             18.58          19.68          -1.10  (VIOLATED) 

   n4732                       18.58          19.61          -1.03  (VIOLATED) 
     PIN : U5222/X             18.58          19.61          -1.03  (VIOLATED) 

   n4694                       18.58          19.46          -0.88  (VIOLATED) 
     PIN : U5180/X             18.58          19.46          -0.88  (VIOLATED) 

   ex_stage_i_mult_i/n1301     18.58          19.45          -0.87  (VIOLATED) 
     PIN : ex_stage_i_mult_i/U2177/X    18.58    19.45       -0.87  (VIOLATED) 

   id_stage_i/registers_i/n4274    46.74      47.58          -0.84  (VIOLATED) 
     PIN : id_stage_i/registers_i/U4350/X    46.74    47.58    -0.84 (VIOLATED)

   n4657                       18.58          19.24          -0.66  (VIOLATED) 
     PIN : U5137/X             18.58          19.24          -0.66  (VIOLATED) 

   n5410                       18.58          19.18          -0.60  (VIOLATED) 
     PIN : U6079/X             18.58          19.18          -0.60  (VIOLATED) 

   regfile_wdata[30]           38.03          38.23          -0.20  (VIOLATED) 
     PIN : U5662/X             38.03          38.23          -0.20  (VIOLATED) 

   n4561                       18.58          18.71          -0.13  (VIOLATED) 
     PIN : U5033/X             18.58          18.71          -0.13  (VIOLATED) 

  ---------------------------------------------------------------------------
   Number of max_capacitance violation(s): 53

   Total number of violation(s): 106
1
