****************************************
Report : report clock qor
        -type area
Design : riscv_core
Version: O-2018.06-SP1
Date   : Tue Apr 23 14:27:16 2024
****************************************


==========================
==== Area (per clock) ====
==========================

Clock                                 Sinks          Clock          Clock          Clock          Clock          Sinks           Sink
                                 (balanced)     Cell Count        Stdcell       Repeater       Repeater     (physical)        Stdcell          Macro
                                                (non sink)           Area          Count           Area                          Area           Area
------------------------------------------------------------------------------------------------------------------------------------------------------
CLK_I                                  2198             67          24.82             64          22.56           2198        2928.18           0.00
------------------------------------------------------------------------------------------------------------------------------------------------------
Total                                  2198             67          24.82             64          22.56           2198        2928.18           0.00

Type                               Instance           Unit          Total           Cell             Vt             Vt
                                      Count           Area           Area           Type          Group           Type


=================================
==== Area (per library cell) ====
=================================

===== Summary =====
Type                               Instance           Unit          Total           Cell             Vt             Vt
                                      Count           Area           Area           Type          Group           Type
------------------------------------------------------------------------------------------------------------------------
Clock Repeaters                          64              -          22.56              -              -              -
Other Network Cells                       3              -           2.26              -              -              -
Standard Cell Sinks                    2198              -        2928.18              -              -              -
Macro Cells                               0              -           0.00              -              -              -

===== Clock Repeaters =====
Type                               Instance           Unit          Total           Cell             Vt             Vt
                                      Count           Area           Area           Type          Group           Type
------------------------------------------------------------------------------------------------------------------------
SAEDRVT14_INV_S_2                         6           0.22           1.33       Inverter              -              -
SAEDRVT14_INV_S_3                        12           0.31           3.73       Inverter              -              -
SAEDRVT14_INV_S_4                        22           0.31           6.84       Inverter              -              -
SAEDRVT14_INV_S_6                        12           0.40           4.80       Inverter              -              -
SAEDRVT14_INV_S_8                        12           0.49           5.86       Inverter              -              -
------------------------------------------------------------------------------------------------------------------------
Total                                    64              -          22.56              -              -              -

===== Other Network Cells =====
Type                               Instance           Unit          Total           Cell             Vt             Vt
                                      Count           Area           Area           Type          Group           Type
------------------------------------------------------------------------------------------------------------------------
SAEDRVT14_CKGTPLT_V5_4                    1           1.02           1.02            ICG              -              -
SAEDRVT14_MUX2_2                          2           0.62           1.24            Mux              -              -
------------------------------------------------------------------------------------------------------------------------
Total                                     3              -           2.26              -              -              -

===== Standard Cell Sinks =====
Type                               Instance           Unit          Total           Cell             Vt             Vt
                                      Count           Area           Area           Type          Group           Type
------------------------------------------------------------------------------------------------------------------------
SAEDRVT14_FSDPRBQ_V2LP_2               2187           1.33        2913.08           Flop              -              -
SAEDRVT14_FSDPRBQ_V2_2                    1           1.33           1.33           Flop              -              -
SAEDRVT14_FSDPSBQ_V2LP_2                 10           1.38          13.76           Flop              -              -
------------------------------------------------------------------------------------------------------------------------
Total                                  2198              -        2928.18              -              -              -

===== Macro Cells =====
Type                               Instance           Unit          Total           Cell             Vt             Vt
                                      Count           Area           Area           Type          Group           Type
------------------------------------------------------------------------------------------------------------------------
------------------------------------------------------------------------------------------------------------------------
Total                                     0              -           0.00              -              -              -



==============================
==== Area (per hierarchy) ====
==============================

Hierarchy                             Sinks          Clock          Clock          Clock          Clock          Sinks           Sink
                                 (balanced)     Cell Count        Stdcell       Repeater       Repeater     (physical)        Stdcell          Macro
                                                (non sink)           Area          Count           Area                          Area           Area
------------------------------------------------------------------------------------------------------------------------------------------------------
riscv_core                             2198             67          24.82             64          22.56           2198        2928.18           0.00
------------------------------------------------------------------------------------------------------------------------------------------------------
Total                                  2198             67          24.82             64          22.56           2198        2928.18           0.00

1
