#@ # 
#@ # Running icc2_shell Version O-2018.06-SP1 for linux64 -- Jul 17, 2018
#@ # Date:   Thu Apr 25 01:31:26 2024
#@ # Run by: islam@berkeley
#@ 

gui_set_pref_value -category {SelectByNamePalette} -key {ObjectType} -value {Logical Cells}
open_lib /mnt/hgfs/cv32e40p/2_floorplan/runs/run_5/WORK/riscv_core -edit
open_block /mnt/hgfs/cv32e40p/2_floorplan/runs/run_5/WORK/riscv_core:rsicv_core_routed.design
gui_set_pref_value -category {showRelativeLocationConstraints} -key {macroOffsetX} -value {0.001}
gui_set_pref_value -category {showRelativeLocationConstraints} -key {macroOffsetY} -value {0.001}
link_block
win_set_filter -visible -class cell -filter {hard_macro_margin hard_margin route_blockage_margin soft_margin}
win_set_filter -visible -class placement_blockage -filter {wiring} -layer {0-72}
win_set_filter -expand_cell_types {soft_macro  }
win_set_select_class -visible {cell port bound routing_blockage shaping_blockage pg_region pin_blockage block_shielding topology_node topology_edge core_area die_area edit_group shape via terminal fill_cell placement_blockage }
win_set_filter -class cell -filter {cell_array hard_macro_margin hard_margin route_blockage_margin soft_margin}
win_set_filter -class placement_blockage -filter {wiring} -layer {0-72}
win_set_select_class {cell port bound routing_blockage shaping_blockage pg_region pin_blockage topology_node topology_edge edit_group shape via placement_blockage }
check_lvs
check_lvs -max_errors 0
gui_show_error_data
gui_set_error_browser_option -show_mode all
gui_set_error_browser_option -view_mode zoom
gui_set_error_browser_option -zoom_factor 1.000000
gui_set_error_browser_option -grouping type
gui_error_browser -show
gui_open_error_data -name {riscv_core_ctsed_lvs.err}
gui_open_error_data -name {riscv_core_ctsed_lvs.err}
gui_error_browser -hide
gui_show_error_data
gui_error_browser -show
gui_open_error_data -name {zroute.err}
gui_open_error_data -name {rsicv_core_routed_lvs.err}
gui_open_error_data -name {rsicv_core_routed_lvs.err}
gui_set_current_errors -data_name {rsicv_core_routed_lvs.err} -group {Open}
gui_set_selected_errors -replace [gui_get_errors -data_name {rsicv_core_routed_lvs.err} -id {630}] -force
gui_set_setting -window [gui_get_current_window -types Layout -mru] -setting showPin -value true
gui_set_current_errors -data_name {rsicv_core_routed_lvs.err} -group {Short}
gui_set_selected_errors -replace [gui_get_errors -data_name {rsicv_core_routed_lvs.err} -id {844}] -force
gui_set_current_errors -data_name {rsicv_core_routed_lvs.err} -group {Open}
gui_set_selected_errors -replace [gui_get_errors -data_name {rsicv_core_routed_lvs.err} -id {630}] -force
win_set_select_class -visible {cell pin port bound routing_blockage shaping_blockage pg_region pin_blockage block_shielding topology_node topology_edge core_area die_area edit_group shape via terminal fill_cell placement_blockage }
win_set_select_class {cell pin port bound routing_blockage shaping_blockage pg_region pin_blockage topology_node topology_edge edit_group shape via placement_blockage }
route_detail
gui_clear_selected_errors
check_lvs -max_errors 0
route_track
route_global
route_track
route_detail
gui_error_browser -hide
check_lvs
route_detail -incremental
route_detail -incremental true
gui_zoom -window [gui_get_current_window -types Layout -view] -factor 2 -at_point {83.100 112.875}
gui_zoom -window [gui_get_current_window -types Layout -view] -factor 2 -at_point {83.103 112.876}
gui_zoom -window [gui_get_current_window -types Layout -view] -factor 2 -at_point {83.103 112.877}
gui_zoom -window [gui_get_current_window -types Layout -view] -factor 2 -at_point {83.103 112.877}
gui_zoom -window [gui_get_current_window -types Layout -view] -factor 2 -at_point {83.103 112.877}
gui_zoom -window [gui_get_current_window -types Layout -view] -factor 2 -at_point {83.103 112.877}
gui_zoom -window [gui_get_current_window -types Layout -view] -factor 2 -at_point {83.103 112.877}
gui_zoom -window [gui_get_current_window -types Layout -view] -factor 2 -at_point {83.103 112.877}
gui_zoom -window [gui_get_current_window -types Layout -view] -factor 2 -at_point {83.103 112.877}
gui_zoom -window [gui_get_current_window -types Layout -view] -factor 2 -at_point {83.103 112.877}
gui_zoom -window [gui_get_current_window -types Layout -view] -factor 2 -at_point {83.103 112.877}
gui_zoom -window [gui_get_current_window -types Layout -view] -factor 2 -at_point {83.103 112.877}
gui_zoom -window [gui_get_current_window -types Layout -view] -factor 2 -at_point {83.103 112.877}
gui_zoom -window [gui_get_current_window -types Layout -view] -factor 0.5 -at_point {83.104 112.876}
gui_zoom -window [gui_get_current_window -types Layout -view] -factor 0.5 -at_point {83.105 112.877}
gui_zoom -window [gui_get_current_window -types Layout -view] -factor 0.5 -at_point {83.104 112.876}
gui_zoom -window [gui_get_current_window -types Layout -view] -factor 0.5 -at_point {83.104 112.877}
gui_zoom -window [gui_get_current_window -types Layout -view] -factor 0.5 -at_point {83.105 112.876}
gui_zoom -window [gui_get_current_window -types Layout -view] -factor 0.5 -at_point {83.104 112.876}
gui_zoom -window [gui_get_current_window -types Layout -view] -factor 0.5 -at_point {83.104 112.877}
gui_zoom -window [gui_get_current_window -types Layout -view] -factor 0.5 -at_point {83.104 112.877}
route_detail -incremental true
gui_clear_selected_errors
route_detail -incremental true
gui_show_error_data
gui_error_browser -show
gui_set_current_errors -data_name {zroute.err}
gui_set_selected_errors -replace [gui_get_errors -data_name {zroute.err} -id {0}] -force
gui_set_current_errors -data_name {zroute.err} -group {Less than minimum area}
gui_set_selected_errors -replace [gui_get_errors -data_name {zroute.err} -id {0}] -force
create_routing_rule -spacings {M3 0.5}
create_routing_rule -spacings {M3 0.5} -rule_name M3_rule
create_routing_rule -spacings {M3 0.5}  M3_rule
route_detail -incremental true
gui_set_selected_errors -replace [gui_get_errors -data_name {zroute.err} -id {1}] -force
gui_set_selected_errors -replace [gui_get_errors -data_name {zroute.err} -id {0}] -force
gui_set_selected_errors -replace [gui_get_errors -data_name {zroute.err} -id {0 1}] -force
gui_set_selected_errors -replace [gui_get_errors -data_name {zroute.err} -id {0 1 2}] -force
gui_set_selected_errors -replace [gui_get_errors -data_name {zroute.err} -id {0 1 2 3}] -force
gui_set_selected_errors -replace [gui_get_errors -data_name {zroute.err} -id {0 1 2 3 4}] -force
gui_set_selected_errors -replace [gui_get_errors -data_name {zroute.err} -id {0 1 2 3 4 5}] -force
gui_set_selected_errors -replace [gui_get_errors -data_name {zroute.err} -id {0 1 2 3 4 5 7}] -force
gui_set_selected_errors -replace [gui_get_errors -data_name {zroute.err} -id {0 1 2 3 4 5 7 8}] -force
gui_set_selected_errors -replace [gui_get_errors -data_name {zroute.err} -id {0 1 2 3 4 5 7 8 9}] -force
gui_set_selected_errors -replace [gui_get_errors -data_name {zroute.err} -id {0 1 2 3 4 5 7 8 9 11}] -force
gui_set_selected_errors -replace [gui_get_errors -data_name {zroute.err} -id {0 1 2 3 4 5 7 8 9 11 12}] -force
gui_set_selected_errors -replace [gui_get_errors -data_name {zroute.err} -id {0 1 2 3 4 5 7 8 9 11 12 13}] -force
gui_set_selected_errors -replace [gui_get_errors -data_name {zroute.err} -id {0 1 2 3 4 5 7 8 9 11 12 13 15}] -force
gui_set_selected_errors -replace [gui_get_errors -data_name {zroute.err} -id {0 1 2 3 4 5 7 8 9 11 12 13 15 16}] -force
gui_set_selected_errors -replace [gui_get_errors -data_name {zroute.err} -id {0 1 2 3 4 5 7 8 9 11 12 13 15 16 18}] -force
gui_set_selected_errors -replace [gui_get_errors -data_name {zroute.err} -id {0 1 2 3 4 5 7 8 9 11 12 13 15 16 18 19}] -force
gui_set_selected_errors -replace [gui_get_errors -data_name {zroute.err} -id {0 1 2 3 4 5 7 8 9 11 12 13 15 16 18 19 20}] -force
gui_set_selected_errors -replace [gui_get_errors -data_name {zroute.err} -id {0 1 2 3 4 5 7 8 9 11 12 13 15 16 18 19 20 22}] -force
gui_set_selected_errors -replace [gui_get_errors -data_name {zroute.err} -id {0 1 2 3 4 5 7 8 9 11 12 13 15 16 18 19 20 22 23}] -force
gui_set_selected_errors -replace [gui_get_errors -data_name {zroute.err} -id {0 1 2 3 4 5 7 8 9 11 12 13 15 16 18 19 20 22 23 24}] -force
gui_set_selected_errors -replace [gui_get_errors -data_name {zroute.err} -id {0 1 2 3 4 5 7 8 9 11 12 13 15 16 18 19 20 22 23 24 25}] -force
gui_set_selected_errors -replace [gui_get_errors -data_name {zroute.err} -id {0 1 2 3 4 5 7 8 9 11 12 13 15 16 18 19 20 22 23 24 25 26}] -force
gui_set_selected_errors -replace [gui_get_errors -data_name {zroute.err} -id {0 1 2 3 4 5 7 8 9 11 12 13 15 16 18 19 20 22 23 24 25 26 27}] -force
gui_set_selected_errors -replace [gui_get_errors -data_name {zroute.err} -id {0 1 2 3 4 5 7 8 9 11 12 13 15 16 18 19 20 22 23 24 25 26 27 28}] -force
gui_set_selected_errors -replace [gui_get_errors -data_name {zroute.err} -id {0 1 2 3 4 5 7 8 9 11 12 13 15 16 18 19 20 22 23 24 25 26 27 28 29}] -force
gui_set_selected_errors -replace [gui_get_errors -data_name {zroute.err} -id {0 1 2 3 4 5 7 8 9 11 12 13 15 16 18 19 20 22 23 24 25 26 27 28 29 30}] -force
gui_set_selected_errors -replace [gui_get_errors -data_name {zroute.err} -id {0 1 2 3 4 5 7 8 9 11 12 13 15 16 18 19 20 22 23 24 25 26 27 28 29 30 32}] -force
gui_set_selected_errors -replace [gui_get_errors -data_name {zroute.err} -id {0 1 2 3 4 5 7 8 9 11 12 13 15 16 18 19 20 22 23 24 25 26 27 28 29 30 32 33}] -force
gui_set_selected_errors -replace [gui_get_errors -data_name {zroute.err} -id {0 1 2 3 4 5 7 8 9 11 12 13 15 16 18 19 20 22 23 24 25 26 27 28 29 30 32 33 36}] -force
gui_set_selected_errors -replace [gui_get_errors -data_name {zroute.err} -id {0 1 2 3 4 5 7 8 9 11 12 13 15 16 18 19 20 22 23 24 25 26 27 28 29 30 32 33 36 37}] -force
gui_set_selected_errors -replace [gui_get_errors -data_name {zroute.err} -id {0 1 2 3 4 5 7 8 9 11 12 13 15 16 18 19 20 22 23 24 25 26 27 28 29 30 32 33 36 37 38}] -force
gui_set_selected_errors -replace [gui_get_errors -data_name {zroute.err} -id {0 1 2 3 4 5 7 8 9 11 12 13 15 16 18 19 20 22 23 24 25 26 27 28 29 30 32 33 36 37 38 39}] -force
gui_set_selected_errors -replace [gui_get_errors -data_name {zroute.err} -id {0 1 2 3 4 5 7 8 9 11 12 13 15 16 18 19 20 22 23 24 25 26 27 28 29 30 32 33 36 37 38 39 41}] -force
gui_set_selected_errors -replace [gui_get_errors -data_name {zroute.err} -id {0 1 2 3 4 5 7 8 9 11 12 13 15 16 18 19 20 22 23 24 25 26 27 28 29 30 32 33 36 37 38 39 41 44}] -force
gui_set_selected_errors -replace [gui_get_errors -data_name {zroute.err} -id {0 1 2 3 4 5 7 8 9 11 12 13 15 16 18 19 20 22 23 24 25 26 27 28 29 30 32 33 36 37 38 39 41 44 46}] -force
gui_set_selected_errors -replace [gui_get_errors -data_name {zroute.err} -id {0 1 2 3 4 5 7 8 9 11 12 13 15 16 18 19 20 22 23 24 25 26 27 28 29 30 32 33 36 37 38 39 41 44 46 48}] -force
gui_set_selected_errors -replace [gui_get_errors -data_name {zroute.err} -id {0 1 2 3 4 5 7 8 9 11 12 13 15 16 18 19 20 22 23 24 25 26 27 28 29 30 32 33 36 37 38 39 41 44 46 48 51}] -force
gui_set_selected_errors -replace [gui_get_errors -data_name {zroute.err} -id {0 1 2 3 4 5 7 8 9 11 12 13 15 16 18 19 20 22 23 24 25 26 27 28 29 30 32 33 36 37 38 39 41 44 46 48 51 52}] -force
gui_set_selected_errors -replace [gui_get_errors -data_name {zroute.err} -id {0 1 2 3 4 5 7 8 9 11 12 13 15 16 18 19 20 22 23 24 25 26 27 28 29 30 32 33 36 37 38 39 41 44 46 48 51 52 53}] -force
gui_set_selected_errors -replace [gui_get_errors -data_name {zroute.err} -id {0 1 2 3 4 5 7 8 9 11 12 13 15 16 18 19 20 22 23 24 25 26 27 28 29 30 32 33 36 37 38 39 41 44 46 48 51 52 53 54}] -force
gui_set_selected_errors -replace [gui_get_errors -data_name {zroute.err} -id {0 1 2 3 4 5 7 8 9 11 12 13 15 16 18 19 20 22 23 24 25 26 27 28 29 30 32 33 36 37 38 39 41 44 46 48 51 52 53 54 55}] -force
gui_set_selected_errors -replace [gui_get_errors -data_name {zroute.err} -id {0 1 2 3 4 5 7 8 9 11 12 13 15 16 18 19 20 22 23 24 25 26 27 28 29 30 32 33 36 37 38 39 41 44 46 48 51 52 53 54 55 56}] -force
gui_set_selected_errors -replace [gui_get_errors -data_name {zroute.err} -id {0 1 2 3 4 5 7 8 9 11 12 13 15 16 18 19 20 22 23 24 25 26 27 28 29 30 32 33 36 37 38 39 41 44 46 48 51 52 53 54 55 56 57}] -force
gui_set_selected_errors -replace [gui_get_errors -data_name {zroute.err} -id {0 1 2 3 4 5 7 8 9 11 12 13 15 16 18 19 20 22 23 24 25 26 27 28 29 30 32 33 36 37 38 39 41 44 46 48 51 52 53 54 55 56 57 58}] -force
gui_set_selected_errors -replace [gui_get_errors -data_name {zroute.err} -id {0 1 2 3 4 5 7 8 9 11 12 13 15 16 18 19 20 22 23 24 25 26 27 28 29 30 32 33 36 37 38 39 41 44 46 48 51 52 53 54 55 56 57}] -force
gui_set_selected_errors -replace [gui_get_errors -data_name {zroute.err} -id {0 1 2 3 4 5 7 8 9 11 12 13 15 16 18 19 20 22 23 24 25 26 27 28 29 30 32 33 36 37 38 39 41 44 46 48 51 52 53 54 55 56}] -force
gui_set_selected_errors -replace [gui_get_errors -data_name {zroute.err} -id {0 1 2 3 4 5 7 8 9 11 12 13 15 16 18 19 20 22 23 24 25 26 27 28 29 30 32 33 36 37 38 39 41 44 46 48 51 52 53 54 55}] -force
gui_set_selected_errors -replace [gui_get_errors -data_name {zroute.err} -id {0 1 2 3 4 5 7 8 9 11 12 13 15 16 18 19 20 22 23 24 25 26 27 28 29 30 32 33 36 37 38 39 41 44 46 48 51 52 53 54}] -force
gui_set_selected_errors -replace [gui_get_errors -data_name {zroute.err} -id {0 1 2 3 4 5 7 8 9 11 12 13 15 16 18 19 20 22 23 24 25 26 27 28 29 30 32 33 36 37 38 39 41 44 46 48 51 52 53}] -force
gui_set_selected_errors -replace [gui_get_errors -data_name {zroute.err} -id {0 1 2 3 4 5 7 8 9 11 12 13 15 16 18 19 20 22 23 24 25 26 27 28 29 30 32 33 36 37 38 39 41 44 46 48 51 52}] -force
gui_set_selected_errors -replace [gui_get_errors -data_name {zroute.err} -id {0 1 2 3 4 5 7 8 9 11 12 13 15 16 18 19 20 22 23 24 25 26 27 28 29 30 32 33 36 37 38 39 41 44 46 48 51}] -force
gui_set_selected_errors -replace [gui_get_errors -data_name {zroute.err} -id {0 1 2 3 4 5 7 8 9 11 12 13 15 16 18 19 20 22 23 24 25 26 27 28 29 30 32 33 36 37 38 39 41 44 46 48}] -force
gui_set_selected_errors -replace [gui_get_errors -data_name {zroute.err} -id {0 1 2 3 4 5 7 8 9 11 12 13 15 16 18 19 20 22 23 24 25 26 27 28 29 30 32 33 36 37 38 39 41 44 46}] -force
gui_set_selected_errors -replace [gui_get_errors -data_name {zroute.err} -id {0 1 2 3 4 5 7 8 9 11 12 13 15 16 18 19 20 22 23 24 25 26 27 28 29 30 32 33 36 37 38 39 41 44}] -force
gui_set_selected_errors -replace [gui_get_errors -data_name {zroute.err} -id {0 1 2 3 4 5 7 8 9 11 12 13 15 16 18 19 20 22 23 24 25 26 27 28 29 30 32 33 36 37 38 39 41}] -force
gui_set_selected_errors -replace [gui_get_errors -data_name {zroute.err} -id {0 1 2 3 4 5 7 8 9 11 12 13 15 16 18 19 20 22 23 24 25 26 27 28 29 30 32 33 36 37 38 39}] -force
gui_set_selected_errors -replace [gui_get_errors -data_name {zroute.err} -id {0 1 2 3 4 5 7 8 9 11 12 13 15 16 18 19 20 22 23 24 25 26 27 28 29 30 32 33 36 37 38}] -force
gui_set_selected_errors -replace [gui_get_errors -data_name {zroute.err} -id {0 1 2 3 4 5 7 8 9 11 12 13 15 16 18 19 20 22 23 24 25 26 27 28 29 30 32 33 36 37 38 39}] -force
gui_set_selected_errors -replace [gui_get_errors -data_name {zroute.err} -id {0 1 2 3 4 5 7 8 9 11 12 13 15 16 18 19 20 22 23 24 25 26 27 28 29 30 32 33 36 37 38 39 41}] -force
gui_set_selected_errors -replace [gui_get_errors -data_name {zroute.err} -id {0 1 2 3 4 5 7 8 9 11 12 13 15 16 18 19 20 22 23 24 25 26 27 28 29 30 32 33 36 37 38 39 41 44}] -force
gui_set_selected_errors -replace [gui_get_errors -data_name {zroute.err} -id {0 1 2 3 4 5 7 8 9 11 12 13 15 16 18 19 20 22 23 24 25 26 27 28 29 30 32 33 36 37 38 39 41 44 46}] -force
gui_set_selected_errors -replace [gui_get_errors -data_name {zroute.err} -id {0 1 2 3 4 5 7 8 9 11 12 13 15 16 18 19 20 22 23 24 25 26 27 28 29 30 32 33 36 37 38 39 41 44 46 48}] -force
gui_set_selected_errors -replace [gui_get_errors -data_name {zroute.err} -id {0 1 2 3 4 5 7 8 9 11 12 13 15 16 18 19 20 22 23 24 25 26 27 28 29 30 32 33 36 37 38 39 41 44 46 48 51}] -force
gui_set_selected_errors -replace [gui_get_errors -data_name {zroute.err} -id {0 1 2 3 4 5 7 8 9 11 12 13 15 16 18 19 20 22 23 24 25 26 27 28 29 30 32 33 36 37 38 39 41 44 46 48 51 52}] -force
gui_set_selected_errors -replace [gui_get_errors -data_name {zroute.err} -id {0 1 2 3 4 5 7 8 9 11 12 13 15 16 18 19 20 22 23 24 25 26 27 28 29 30 32 33 36 37 38 39 41 44 46 48 51 52 53}] -force
gui_set_selected_errors -replace [gui_get_errors -data_name {zroute.err} -id {0 1 2 3 4 5 7 8 9 11 12 13 15 16 18 19 20 22 23 24 25 26 27 28 29 30 32 33 36 37 38 39 41 44 46 48 51 52 53 54}] -force
gui_set_selected_errors -replace [gui_get_errors -data_name {zroute.err} -id {0 1 2 3 4 5 7 8 9 11 12 13 15 16 18 19 20 22 23 24 25 26 27 28 29 30 32 33 36 37 38 39 41 44 46 48 51 52 53 54 55}] -force
gui_set_selected_errors -replace [gui_get_errors -data_name {zroute.err} -id {0 1 2 3 4 5 7 8 9 11 12 13 15 16 18 19 20 22 23 24 25 26 27 28 29 30 32 33 36 37 38 39 41 44 46 48 51 52 53 54 55 56}] -force
gui_set_selected_errors -replace [gui_get_errors -data_name {zroute.err} -id {0 1 2 3 4 5 7 8 9 11 12 13 15 16 18 19 20 22 23 24 25 26 27 28 29 30 32 33 36 37 38 39 41 44 46 48 51 52 53 54 55 56 57}] -force
gui_set_selected_errors -replace [gui_get_errors -data_name {zroute.err} -id {0 1 2 3 4 5 7 8 9 11 12 13 15 16 18 19 20 22 23 24 25 26 27 28 29 30 32 33 36 37 38 39 41 44 46 48 51 52 53 54 55 56 57 58}] -force
gui_set_selected_errors -replace [gui_get_errors -data_name {zroute.err} -id {0 1 2 3 4 5 7 8 9 11 12 13 15 16 18 19 20 22 23 24 25 26 27 28 29 30 32 33 36 37 38 39 41 44 46 48 51 52 53 54 55 56 57 58 59}] -force
gui_set_selected_errors -replace [gui_get_errors -data_name {zroute.err} -id {0 1 2 3 4 5 7 8 9 11 12 13 15 16 18 19 20 22 23 24 25 26 27 28 29 30 32 33 36 37 38 39 41 44 46 48 51 52 53 54 55 56 57 58 59 60}] -force
gui_set_selected_errors -replace [gui_get_errors -data_name {zroute.err} -id {0 1 2 3 4 5 7 8 9 11 12 13 15 16 18 19 20 22 23 24 25 26 27 28 29 30 32 33 36 37 38 39 41 44 46 48 51 52 53 54 55 56 57 58 59 60 61}] -force
gui_set_selected_errors -replace [gui_get_errors -data_name {zroute.err} -id {0 1 2 3 4 5 7 8 9 11 12 13 15 16 18 19 20 22 23 24 25 26 27 28 29 30 32 33 36 37 38 39 41 44 46 48 51 52 53 54 55 56 57 58 59 60 61 62}] -force
gui_set_selected_errors -replace [gui_get_errors -data_name {zroute.err} -id {0 1 2 3 4 5 7 8 9 11 12 13 15 16 18 19 20 22 23 24 25 26 27 28 29 30 32 33 36 37 38 39 41 44 46 48 51 52 53 54 55 56 57 58 59 60 61 62 63}] -force
gui_set_selected_errors -replace [gui_get_errors -data_name {zroute.err} -id {0 1 2 3 4 5 7 8 9 11 12 13 15 16 18 19 20 22 23 24 25 26 27 28 29 30 32 33 36 37 38 39 41 44 46 48 51 52 53 54 55 56 57 58 59 60 61 62 63 64}] -force
gui_set_selected_errors -replace [gui_get_errors -data_name {zroute.err} -id {0 1 2 3 4 5 7 8 9 11 12 13 15 16 18 19 20 22 23 24 25 26 27 28 29 30 32 33 36 37 38 39 41 44 46 48 51 52 53 54 55 56 57 58 59 60 61 62 63 64 67}] -force
gui_set_selected_errors -replace [gui_get_errors -data_name {zroute.err} -id {0 1 2 3 4 5 7 8 9 11 12 13 15 16 18 19 20 22 23 24 25 26 27 28 29 30 32 33 36 37 38 39 41 44 46 48 51 52 53 54 55 56 57 58 59 60 61 62 63 64 67 68}] -force
gui_set_selected_errors -replace [gui_get_errors -data_name {zroute.err} -id {0 1 2 3 4 5 7 8 9 11 12 13 15 16 18 19 20 22 23 24 25 26 27 28 29 30 32 33 36 37 38 39 41 44 46 48 51 52 53 54 55 56 57 58 59 60 61 62 63 64 67 68 70}] -force
gui_set_selected_errors -replace [gui_get_errors -data_name {zroute.err} -id {0 1 2 3 4 5 7 8 9 11 12 13 15 16 18 19 20 22 23 24 25 26 27 28 29 30 32 33 36 37 38 39 41 44 46 48 51 52 53 54 55 56 57 58 59 60 61 62 63 64 67 68 70 73}] -force
gui_set_selected_errors -replace [gui_get_errors -data_name {zroute.err} -id {0 1 2 3 4 5 7 8 9 11 12 13 15 16 18 19 20 22 23 24 25 26 27 28 29 30 32 33 36 37 38 39 41 44 46 48 51 52 53 54 55 56 57 58 59 60 61 62 63 64 67 68 70 73 75}] -force
gui_set_selected_errors -replace [gui_get_errors -data_name {zroute.err} -id {0 1 2 3 4 5 7 8 9 11 12 13 15 16 18 19 20 22 23 24 25 26 27 28 29 30 32 33 36 37 38 39 41 44 46 48 51 52 53 54 55 56 57 58 59 60 61 62 63 64 67 68 70 73 75 76}] -force
gui_set_selected_errors -replace [gui_get_errors -data_name {zroute.err} -id {0 1 2 3 4 5 7 8 9 11 12 13 15 16 18 19 20 22 23 24 25 26 27 28 29 30 32 33 36 37 38 39 41 44 46 48 51 52 53 54 55 56 57 58 59 60 61 62 63 64 67 68 70 73 75 76 78}] -force
gui_set_selected_errors -replace [gui_get_errors -data_name {zroute.err} -id {0 1 2 3 4 5 7 8 9 11 12 13 15 16 18 19 20 22 23 24 25 26 27 28 29 30 32 33 36 37 38 39 41 44 46 48 51 52 53 54 55 56 57 58 59 60 61 62 63 64 67 68 70 73 75 76 78 80}] -force
gui_set_selected_errors -replace [gui_get_errors -data_name {zroute.err} -id {0 1 2 3 4 5 7 8 9 11 12 13 15 16 18 19 20 22 23 24 25 26 27 28 29 30 32 33 36 37 38 39 41 44 46 48 51 52 53 54 55 56 57 58 59 60 61 62 63 64 67 68 70 73 75 76 78 80 81}] -force
gui_set_selected_errors -replace [gui_get_errors -data_name {zroute.err} -id {0 1 2 3 4 5 7 8 9 11 12 13 15 16 18 19 20 22 23 24 25 26 27 28 29 30 32 33 36 37 38 39 41 44 46 48 51 52 53 54 55 56 57 58 59 60 61 62 63 64 67 68 70 73 75 76 78 80 81 84}] -force
gui_set_selected_errors -replace [gui_get_errors -data_name {zroute.err} -id {0 1 2 3 4 5 7 8 9 11 12 13 15 16 18 19 20 22 23 24 25 26 27 28 29 30 32 33 36 37 38 39 41 44 46 48 51 52 53 54 55 56 57 58 59 60 61 62 63 64 67 68 70 73 75 76 78 80 81 84 85}] -force
gui_set_selected_errors -replace [gui_get_errors -data_name {zroute.err} -id {0 1 2 3 4 5 7 8 9 11 12 13 15 16 18 19 20 22 23 24 25 26 27 28 29 30 32 33 36 37 38 39 41 44 46 48 51 52 53 54 55 56 57 58 59 60 61 62 63 64 67 68 70 73 75 76 78 80 81 84 85 86}] -force
gui_set_selected_errors -replace [gui_get_errors -data_name {zroute.err} -id {0 1 2 3 4 5 7 8 9 11 12 13 15 16 18 19 20 22 23 24 25 26 27 28 29 30 32 33 36 37 38 39 41 44 46 48 51 52 53 54 55 56 57 58 59 60 61 62 63 64 67 68 70 73 75 76 78 80 81 84 85 86 87}] -force
gui_set_selected_errors -replace [gui_get_errors -data_name {zroute.err} -id {0 1 2 3 4 5 7 8 9 11 12 13 15 16 18 19 20 22 23 24 25 26 27 28 29 30 32 33 36 37 38 39 41 44 46 48 51 52 53 54 55 56 57 58 59 60 61 62 63 64 67 68 70 73 75 76 78 80 81 84 85 86 87 88}] -force
gui_set_selected_errors -replace [gui_get_errors -data_name {zroute.err} -id {0 1 2 3 4 5 7 8 9 11 12 13 15 16 18 19 20 22 23 24 25 26 27 28 29 30 32 33 36 37 38 39 41 44 46 48 51 52 53 54 55 56 57 58 59 60 61 62 63 64 67 68 70 73 75 76 78 80 81 84 85 86 87 88 89}] -force
gui_set_selected_errors -replace [gui_get_errors -data_name {zroute.err} -id {0 1 2 3 4 5 7 8 9 11 12 13 15 16 18 19 20 22 23 24 25 26 27 28 29 30 32 33 36 37 38 39 41 44 46 48 51 52 53 54 55 56 57 58 59 60 61 62 63 64 67 68 70 73 75 76 78 80 81 84 85 86 87 88 89 90}] -force
gui_set_selected_errors -replace [gui_get_errors -data_name {zroute.err} -id {0 1 2 3 4 5 7 8 9 11 12 13 15 16 18 19 20 22 23 24 25 26 27 28 29 30 32 33 36 37 38 39 41 44 46 48 51 52 53 54 55 56 57 58 59 60 61 62 63 64 67 68 70 73 75 76 78 80 81 84 85 86 87 88 89 90 92}] -force
gui_set_selected_errors -replace [gui_get_errors -data_name {zroute.err} -id {0 1 2 3 4 5 7 8 9 11 12 13 15 16 18 19 20 22 23 24 25 26 27 28 29 30 32 33 36 37 38 39 41 44 46 48 51 52 53 54 55 56 57 58 59 60 61 62 63 64 67 68 70 73 75 76 78 80 81 84 85 86 87 88 89 90 92 94}] -force
gui_set_selected_errors -replace [gui_get_errors -data_name {zroute.err} -id {0 1 2 3 4 5 7 8 9 11 12 13 15 16 18 19 20 22 23 24 25 26 27 28 29 30 32 33 36 37 38 39 41 44 46 48 51 52 53 54 55 56 57 58 59 60 61 62 63 64 67 68 70 73 75 76 78 80 81 84 85 86 87 88 89 90 92 94 95}] -force
gui_set_selected_errors -replace [gui_get_errors -data_name {zroute.err} -id {0 1 2 3 4 5 7 8 9 11 12 13 15 16 18 19 20 22 23 24 25 26 27 28 29 30 32 33 36 37 38 39 41 44 46 48 51 52 53 54 55 56 57 58 59 60 61 62 63 64 67 68 70 73 75 76 78 80 81 84 85 86 87 88 89 90 92 94 95 96}] -force
gui_set_selected_errors -replace [gui_get_errors -data_name {zroute.err} -id {0 1 2 3 4 5 7 8 9 11 12 13 15 16 18 19 20 22 23 24 25 26 27 28 29 30 32 33 36 37 38 39 41 44 46 48 51 52 53 54 55 56 57 58 59 60 61 62 63 64 67 68 70 73 75 76 78 80 81 84 85 86 87 88 89 90 92 94 95 96 99}] -force
gui_set_selected_errors -replace [gui_get_errors -data_name {zroute.err} -id {0 1 2 3 4 5 7 8 9 11 12 13 15 16 18 19 20 22 23 24 25 26 27 28 29 30 32 33 36 37 38 39 41 44 46 48 51 52 53 54 55 56 57 58 59 60 61 62 63 64 67 68 70 73 75 76 78 80 81 84 85 86 87 88 89 90 92 94 95 96 99 100}] -force
gui_set_selected_errors -replace [gui_get_errors -data_name {zroute.err} -id {0 1 2 3 4 5 7 8 9 11 12 13 15 16 18 19 20 22 23 24 25 26 27 28 29 30 32 33 36 37 38 39 41 44 46 48 51 52 53 54 55 56 57 58 59 60 61 62 63 64 67 68 70 73 75 76 78 80 81 84 85 86 87 88 89 90 92 94 95 96 99 100 102}] -force
gui_set_selected_errors -replace [gui_get_errors -data_name {zroute.err} -id {0 1 2 3 4 5 7 8 9 11 12 13 15 16 18 19 20 22 23 24 25 26 27 28 29 30 32 36 37 38 39 41 44 46 48 51 52 53 54 55 56 57 58 59 60 61 62 63 64 67 68 70 73 75 76 78 80 81 84 85 86 87 88 89 90 92 94 95 96 99 100 102}] -force
gui_set_selected_errors -replace [gui_get_errors -data_name {zroute.err} -id {36 37 38 39 41 44 46 48 51 52 53 54 55 56 57 58 59 60 61 62 63 64 67 68 70 73 75 76 78 80 81 84 85 86 87 88 89 90 92 94 95 96 99 100 102 0 1 2 3 4 5 7 8 9 11 12 13 15 16 18 19 20 22 23 24 25 26 27 28 29 30}] -force
change_selection -add [get_nets id_stage_i/registers_i/n1851]
change_selection -add [get_nets id_stage_i/registers_i/n2451]
change_selection -add [get_nets id_stage_i/registers_i/n6401]
change_selection -add [get_nets id_stage_i/registers_i/mem_31__27_]
change_selection -add [get_nets id_stage_i/registers_i/n4087]
change_selection -add [get_nets id_stage_i/registers_i/n6929]
change_selection -add [get_nets id_stage_i/n_2_net__2_]
change_selection -add [get_nets id_stage_i/registers_i/mem_29__3_]
change_selection -add [get_nets id_stage_i/registers_i/n3925]
change_selection -add [get_nets {regfile_wdata[21]}]
change_selection -add [get_nets id_stage_i/registers_i/n4039]
change_selection -add [get_nets id_stage_i/registers_i/n2461]
change_selection -add [get_nets id_stage_i/registers_i/n3421]
change_selection -add [get_nets id_stage_i/registers_i/n2513]
change_selection -add [get_nets id_stage_i/registers_i/n1117]
change_selection -add [get_nets id_stage_i/registers_i/n413]
change_selection -add [get_nets id_stage_i/registers_i/dftopt64_gOb238]
change_selection -add [get_nets id_stage_i/registers_i/n3734]
change_selection -add [get_nets id_stage_i/registers_i/n2469]
change_selection -add [get_nets id_stage_i/registers_i/n2466]
change_selection -add [get_nets id_stage_i/n644]
change_selection -add [get_nets {alu_operand_c_ex[22]}]
change_selection -add [get_nets n6502]
change_selection -add [get_nets {alu_operand_c_ex[25]}]
change_selection -add [get_nets n7481]
change_selection -add [get_nets n7481]
change_selection -add [get_nets {alu_operand_c_ex[1]}]
change_selection -add [get_nets id_stage_i/n1830]
change_selection -add [get_nets id_stage_i/n1238]
change_selection -add [get_nets id_stage_i/n1361]
change_selection -add [get_nets id_stage_i/n1545]
change_selection -add [get_nets n4372]
change_selection -add [get_nets id_stage_i/n2933]
change_selection -add [get_nets {cs_registers_i_mcause_q[5]}]
change_selection -add [get_nets n4756]
change_selection -add [get_nets n4737]
change_selection -add [get_nets n4660]
change_selection -add [get_nets n4565]
change_selection -add [get_nets id_stage_i/n2149]
change_selection -add [get_nets n3899]
change_selection -add [get_nets id_stage_i/n1081]
change_selection -add [get_nets id_stage_i/n1081]
change_selection -add [get_nets id_stage_i/n858]
change_selection -add [get_nets id_stage_i/n1545]
change_selection -add [get_nets n4115]
change_selection -add [get_nets id_stage_i/registers_i/n1808]
change_selection -add [get_nets id_stage_i/registers_i/n1810]
change_selection -add [get_nets id_stage_i/registers_i/n2586]
change_selection -add [get_nets id_stage_i/registers_i/n2556]
change_selection -add [get_nets id_stage_i/registers_i/n3806]
change_selection -add [get_nets id_stage_i/registers_i/n1111]
change_selection -add [get_nets id_stage_i/registers_i/n4152]
change_selection -add [get_nets id_stage_i/registers_i/n4144]
change_selection -add [get_nets id_stage_i/registers_i/n3912]
change_selection -add [get_nets id_stage_i/registers_i/mem_15__14_]
change_selection -add [get_nets id_stage_i/registers_i/n4055]
change_selection -add [get_nets id_stage_i/registers_i/n3398]
change_selection -add [get_nets id_stage_i/registers_i/n1289]
change_selection -add [get_nets id_stage_i/registers_i/n4063]
change_selection -add [get_nets id_stage_i/registers_i/n4062]
change_selection -add [get_nets id_stage_i/registers_i/n3926]
change_selection -add [get_nets id_stage_i/registers_i/n3716]
change_selection -add [get_nets id_stage_i/registers_i/n372]
change_selection -add [get_nets id_stage_i/registers_i/n1355]
change_selection -add [get_nets id_stage_i/registers_i/n1315]
change_selection -add [get_nets id_stage_i/registers_i/n3716]
change_selection -add [get_nets id_stage_i/registers_i/n1134]
change_selection -add [get_nets id_stage_i/registers_i/n1134]
change_selection -add [get_nets id_stage_i/registers_i/n374]
change_selection -add [get_nets id_stage_i/registers_i/n4023]
change_selection -add [get_nets id_stage_i/registers_i/n1560]
remove_routes [get_routes [get_selection]]
remove_objects  [get_shapes -of_objects  [get_selection]]
remove_objects  [get_vias -of_objects  [get_selection]]
route_detail -incremental true
gui_error_browser -hide
route_eco -open_net_driven
route_eco -open_net_driven true
check_lvs
rout_opt
route_opt
route_opt
route_opt
gui_show_error_data
gui_error_browser -show
win_select_objects -slct_targets global -at {55.936 68.013} -radius 0.0002
win_select_objects -slct_targets global -at {56.043 68.082} -radius 0.0002
gui_set_layout_layer_visibility -toggle [get_layers -filter {mask_name == metal7} -quiet]
win_set_filter -visible -class pin -filter {} -layer {21}
win_set_filter -visible -class routing_blockage -layer {21}
win_set_filter -visible -class shape -filter {} -layer {21}
win_set_filter -visible -class via -filter {} -layer {21}
win_set_filter -visible -class terminal -filter {}  -layer {21}
win_set_filter -class pin -filter {} -layer {21}
win_set_filter -class routing_blockage -layer {21}
win_set_filter -class shape -filter {} -layer {21}
win_set_filter -class via -filter {} -layer {21}
win_select_objects -slct_targets global -at {56.030 68.087} -radius 0.0002
create_routing_rule -spacings {M3 0.5} -widths {M3 1.0} -rule_name M3_rule
create_routing_rule -spacings {M3 0.5} -widths {M3 1.0}  M3_rule
create_routing_rule -spacings {M3 0.5} -widths {M3 1.0}  M3_rule2
route_opt
win_select_objects -slct_targets global -at {56.004 68.018} -radius 0.0002
gui_zoom -window [gui_get_current_window -types Layout -view] -factor 0.5 -at_point {56.004 68.018}
gui_zoom -window [gui_get_current_window -types Layout -view] -factor 0.5 -at_point {56.004 68.018}
gui_zoom -window [gui_get_current_window -types Layout -view] -factor 0.5 -at_point {56.003 68.017}
gui_zoom -window [gui_get_current_window -types Layout -view] -factor 0.5 -at_point {56.003 68.017}
gui_zoom -window [gui_get_current_window -types Layout -view] -factor 2 -at_point {55.824 68.814}
gui_zoom -window [gui_get_current_window -types Layout -view] -factor 2 -at_point {55.825 68.814}
gui_zoom -window [gui_get_current_window -types Layout -view] -factor 2 -at_point {55.825 68.814}
gui_zoom -window [gui_get_current_window -types Layout -view] -factor 0.5 -at_point {55.825 68.814}
gui_zoom -window [gui_get_current_window -types Layout -view] -factor 0.5 -at_point {55.825 68.814}
gui_zoom -window [gui_get_current_window -types Layout -view] -factor 2 -at_point {55.963 69.105}
gui_set_selected_errors -replace [gui_get_errors -data_name {zroute.err} -id {64}] -force
gui_set_selected_errors -replace [gui_get_errors -data_name {zroute.err} -id {63}] -force
gui_set_selected_errors -replace [gui_get_errors -data_name {zroute.err} -id {63 64}] -force
gui_set_selected_errors -replace [gui_get_errors -data_name {zroute.err} -id {63 64 65}] -force
gui_set_selected_errors -replace [gui_get_errors -data_name {zroute.err} -id {63 64 65 66}] -force
gui_set_selected_errors -replace [gui_get_errors -data_name {zroute.err} -id {63 64 65 66 67}] -force
gui_set_selected_errors -replace [gui_get_errors -data_name {zroute.err} -id {63 64 65 66 67 68}] -force
gui_set_selected_errors -replace [gui_get_errors -data_name {zroute.err} -id {63 64 65 66 67 68 69}] -force
gui_set_selected_errors -replace [gui_get_errors -data_name {zroute.err} -id {63 64 65 66 67 68 69 70}] -force
gui_set_selected_errors -replace [gui_get_errors -data_name {zroute.err} -id {63 64 65 66 67 68 69 70 72}] -force
gui_set_selected_errors -replace [gui_get_errors -data_name {zroute.err} -id {63 64 65 66 67 68 69 70 72 73}] -force
gui_set_selected_errors -replace [gui_get_errors -data_name {zroute.err} -id {63 64 65 66 67 68 69 70 72 73 74}] -force
gui_set_selected_errors -replace [gui_get_errors -data_name {zroute.err} -id {63 64 65 66 67 68 69 70 72 73 74 75}] -force
gui_set_selected_errors -replace [gui_get_errors -data_name {zroute.err} -id {63 64 65 66 67 68 69 70 72 73 74 75 76}] -force
gui_set_selected_errors -replace [gui_get_errors -data_name {zroute.err} -id {63 64 65 66 67 68 69 70 72 73 74 75 76 77}] -force
gui_set_selected_errors -replace [gui_get_errors -data_name {zroute.err} -id {63 64 65 66 67 68 69 70 72 73 74 75 76 77 78}] -force
gui_set_selected_errors -replace [gui_get_errors -data_name {zroute.err} -id {63 64 65 66 67 68 69 70 72 73 74 75 76 77 78 79}] -force
gui_set_selected_errors -replace [gui_get_errors -data_name {zroute.err} -id {63 64 65 66 67 68 69 70 72 73 74 75 76 77 78 79 80}] -force
gui_set_selected_errors -replace [gui_get_errors -data_name {zroute.err} -id {63 64 65 66 67 68 69 70 72 73 74 75 76 77 78 79 80 81}] -force
gui_set_selected_errors -replace [gui_get_errors -data_name {zroute.err} -id {63 64 65 66 67 68 69 70 72 73 74 75 76 77 78 79 80 81 82}] -force
gui_set_selected_errors -replace [gui_get_errors -data_name {zroute.err} -id {63 64 65 66 67 68 69 70 72 73 74 75 76 77 78 79 80 81 82 0}] -force
gui_set_selected_errors -replace [gui_get_errors -data_name {zroute.err} -id {63 64 65 66 67 68 69 70 72 73 74 75 76 77 78 79 80 81 82 0 1}] -force
gui_set_selected_errors -replace [gui_get_errors -data_name {zroute.err} -id {63 64 65 66 67 68 69 70 72 73 74 75 76 77 78 79 80 81 82 0 1 2}] -force
gui_set_selected_errors -replace [gui_get_errors -data_name {zroute.err} -id {63 64 65 66 67 68 69 70 72 73 74 75 76 77 78 79 80 81 82 0 1 2 3}] -force
gui_set_selected_errors -replace [gui_get_errors -data_name {zroute.err} -id {63 64 65 66 67 68 69 70 72 73 74 75 76 77 78 79 80 81 82 0 1 2 3 4}] -force
gui_set_selected_errors -replace [gui_get_errors -data_name {zroute.err} -id {63 64 65 66 67 68 69 70 72 73 74 75 76 77 78 79 80 81 82 0 1 2 3 4 5}] -force
gui_set_selected_errors -replace [gui_get_errors -data_name {zroute.err} -id {63 64 65 66 67 68 69 70 72 73 74 75 76 77 78 79 80 81 82 0 1 2 3 4 5 6}] -force
gui_set_selected_errors -replace [gui_get_errors -data_name {zroute.err} -id {63 64 65 66 67 68 69 70 72 73 74 75 76 77 78 79 80 81 82 0 1 2 3 4 5 6 7}] -force
gui_set_selected_errors -replace [gui_get_errors -data_name {zroute.err} -id {63 64 65 66 67 68 69 70 72 73 74 75 76 77 78 79 80 81 82 0 1 2 3 4 5 6 7 8}] -force
gui_set_selected_errors -replace [gui_get_errors -data_name {zroute.err} -id {63 64 65 66 67 68 69 70 72 73 74 75 76 77 78 79 80 81 82 0 1 2 3 4 5 6 7 8 9}] -force
gui_set_selected_errors -replace [gui_get_errors -data_name {zroute.err} -id {63 64 65 66 67 68 69 70 72 73 74 75 76 77 78 79 80 81 82 0 1 2 3 4 5 6 7 8 9 10}] -force
gui_set_selected_errors -replace [gui_get_errors -data_name {zroute.err} -id {63 64 65 66 67 68 69 70 72 73 74 75 76 77 78 79 80 81 82 0 1 2 3 4 5 6 7 8 9 10 11}] -force
gui_set_selected_errors -replace [gui_get_errors -data_name {zroute.err} -id {63 64 65 66 67 68 69 70 72 73 74 75 76 77 78 79 80 81 82 0 1 2 3 4 5 6 7 8 9 10 11 13}] -force
gui_set_selected_errors -replace [gui_get_errors -data_name {zroute.err} -id {63 64 65 66 67 68 69 70 72 73 74 75 76 77 78 79 80 81 82 0 1 2 3 4 5 6 7 8 9 10 11 13 14}] -force
gui_set_selected_errors -replace [gui_get_errors -data_name {zroute.err} -id {63 64 65 66 67 68 69 70 72 73 74 75 76 77 78 79 80 81 82 0 1 2 3 4 5 6 7 8 9 10 11 13 14 15}] -force
gui_set_selected_errors -replace [gui_get_errors -data_name {zroute.err} -id {63 64 65 66 67 68 69 70 72 73 74 75 76 77 78 79 80 81 82 0 1 2 3 4 5 6 7 8 9 10 11 13 14 15 16}] -force
gui_set_selected_errors -replace [gui_get_errors -data_name {zroute.err} -id {63 64 65 66 67 68 69 70 72 73 74 75 76 77 78 79 80 81 82 0 1 2 3 4 5 6 7 8 9 10 11 13 14 15 16 21}] -force
gui_set_selected_errors -replace [gui_get_errors -data_name {zroute.err} -id {63 64 65 66 67 68 69 70 72 73 74 75 76 77 78 79 80 81 82 0 1 2 3 4 5 6 7 8 9 10 11 13 14 15 16 21 22}] -force
gui_set_selected_errors -replace [gui_get_errors -data_name {zroute.err} -id {63 64 65 66 67 68 69 70 72 73 74 75 76 77 78 79 80 81 82 0 1 2 3 4 5 6 7 8 9 10 11 13 14 15 16 21 22 23}] -force
gui_set_selected_errors -replace [gui_get_errors -data_name {zroute.err} -id {63 64 65 66 67 68 69 70 72 73 74 75 76 77 78 79 80 81 82 0 1 2 3 4 5 6 7 8 9 10 11 13 14 15 16 21 22 23 24}] -force
gui_set_selected_errors -replace [gui_get_errors -data_name {zroute.err} -id {63 64 65 66 67 68 69 70 72 73 74 75 76 77 78 79 80 81 82 0 1 2 3 4 5 6 7 8 9 10 11 13 14 15 16 21 22 23 24 25}] -force
gui_set_selected_errors -replace [gui_get_errors -data_name {zroute.err} -id {63 64 65 66 67 68 69 70 72 73 74 75 76 77 78 79 80 81 82 0 1 2 3 4 5 6 7 8 9 10 11 13 14 15 16 21 22 23 24 25 26}] -force
gui_set_selected_errors -replace [gui_get_errors -data_name {zroute.err} -id {63 64 65 66 67 68 69 70 72 73 74 75 76 77 78 79 80 81 82 0 1 2 3 4 5 6 7 8 9 10 11 13 14 15 16 21 22 23 24 25 26 28}] -force
gui_set_selected_errors -replace [gui_get_errors -data_name {zroute.err} -id {63 64 65 66 67 68 69 70 72 73 74 75 76 77 78 79 80 81 82 0 1 2 3 4 5 6 7 8 9 10 11 13 14 15 16 21 22 23 24 25 26 28 29}] -force
gui_set_selected_errors -replace [gui_get_errors -data_name {zroute.err} -id {63 64 65 66 67 68 69 70 72 73 74 75 76 77 78 79 80 81 82 0 1 2 3 4 5 6 7 8 9 10 11 13 14 15 16 21 22 23 24 25 26 28 29 31}] -force
gui_set_selected_errors -replace [gui_get_errors -data_name {zroute.err} -id {63 64 65 66 67 68 69 70 72 73 74 75 76 77 78 79 80 81 82 0 1 2 3 4 5 6 7 8 9 10 11 13 14 15 16 21 22 23 24 25 26 28 29 31 32}] -force
gui_set_selected_errors -replace [gui_get_errors -data_name {zroute.err} -id {63 64 65 66 67 68 69 70 72 73 74 75 76 77 78 79 80 81 82 0 1 2 3 4 5 6 7 8 9 10 11 13 14 15 16 21 22 23 24 25 26 28 29 31 32 33}] -force
gui_set_selected_errors -replace [gui_get_errors -data_name {zroute.err} -id {63 64 65 66 67 68 69 70 72 73 74 75 76 77 78 79 80 81 82 0 1 2 3 4 5 6 7 8 9 10 11 13 14 15 16 21 22 23 24 25 26 28 29 31 32 33 34}] -force
gui_set_selected_errors -replace [gui_get_errors -data_name {zroute.err} -id {63 64 65 66 67 68 69 70 72 73 74 75 76 77 78 79 80 81 82 0 1 2 3 4 5 6 7 8 9 10 11 13 14 15 16 21 22 23 24 25 26 28 29 31 32 33 34 35}] -force
gui_set_selected_errors -replace [gui_get_errors -data_name {zroute.err} -id {63 64 65 66 67 68 69 70 72 73 74 75 76 77 78 79 80 81 82 0 1 2 3 4 5 6 7 8 9 10 11 13 14 15 16 21 22 23 24 25 26 28 29 31 32 33 34 35 36}] -force
gui_set_selected_errors -replace [gui_get_errors -data_name {zroute.err} -id {63 64 65 66 67 68 69 70 72 73 74 75 76 77 78 79 80 81 82 0 1 2 3 4 5 6 7 8 9 10 11 13 14 15 16 21 22 23 24 25 26 28 29 31 32 33 34 35 36 37}] -force
gui_set_selected_errors -replace [gui_get_errors -data_name {zroute.err} -id {63 64 65 66 67 68 69 70 72 73 74 75 76 77 78 79 80 81 82 0 1 2 3 4 5 6 7 8 9 10 11 13 14 15 16 21 22 23 24 25 26 28 29 31 32 33 34 35 36 37 41}] -force
gui_set_selected_errors -replace [gui_get_errors -data_name {zroute.err} -id {63 64 65 66 67 68 69 70 72 73 74 75 76 77 78 79 80 81 82 0 1 2 3 4 5 6 7 8 9 10 11 13 14 15 16 21 22 23 24 25 26 28 29 31 32 33 34 35 36 37 41 42}] -force
gui_set_selected_errors -replace [gui_get_errors -data_name {zroute.err} -id {63 64 65 66 67 68 69 70 72 73 74 75 76 77 78 79 80 81 82 0 1 2 3 4 5 6 7 8 9 10 11 13 14 15 16 21 22 23 24 25 26 28 29 31 32 33 34 35 36 37 41 42 43}] -force
gui_set_selected_errors -replace [gui_get_errors -data_name {zroute.err} -id {63 64 65 66 67 68 69 70 72 73 74 75 76 77 78 79 80 81 82 0 1 2 3 4 5 6 7 8 9 10 11 13 14 15 16 21 22 23 24 25 26 28 29 31 32 33 34 35 36 37 41 42 43 45}] -force
gui_set_selected_errors -replace [gui_get_errors -data_name {zroute.err} -id {63 64 65 66 67 68 69 70 72 73 74 75 76 77 78 79 80 81 82 0 1 2 3 4 5 6 7 8 9 10 11 13 14 15 16 21 22 23 24 25 26 28 29 31 32 33 34 35 36 37 41 42 43 45 46}] -force
gui_set_selected_errors -replace [gui_get_errors -data_name {zroute.err} -id {63 64 65 66 67 68 69 70 72 73 74 75 76 77 78 79 80 81 82 0 1 2 3 4 5 6 7 8 9 10 11 13 14 15 16 21 22 23 24 25 26 28 29 31 32 33 34 35 36 37 41 42 43 45 46 48}] -force
gui_set_selected_errors -replace [gui_get_errors -data_name {zroute.err} -id {63 64 65 66 67 68 69 70 72 73 74 75 76 77 78 79 80 81 82 0 1 2 3 4 5 6 7 8 9 10 11 13 14 15 16 21 22 23 24 25 26 28 29 31 32 33 34 35 36 37 41 42 43 45 46 48 49}] -force
gui_set_selected_errors -replace [gui_get_errors -data_name {zroute.err} -id {63 64 65 66 67 68 69 70 72 73 74 75 76 77 78 79 80 81 82 0 1 2 3 4 5 6 7 8 9 10 11 13 14 15 16 21 22 23 24 25 26 28 29 31 32 33 34 35 36 37 41 42 43 45 46 48 49 50}] -force
gui_set_selected_errors -replace [gui_get_errors -data_name {zroute.err} -id {63 64 65 66 67 68 69 70 72 73 74 75 76 77 78 79 80 81 82 0 1 2 3 4 5 6 7 8 9 10 11 13 14 15 16 21 22 23 24 25 26 28 29 31 32 33 34 35 36 37 41 42 43 45 46 48 49 50 56}] -force
gui_set_selected_errors -replace [gui_get_errors -data_name {zroute.err} -id {63 64 65 66 67 68 69 70 72 73 74 75 76 77 78 79 80 81 82 0 1 2 3 4 5 6 7 8 9 10 11 13 14 15 16 21 22 23 24 25 26 28 29 31 32 33 34 35 36 37 41 42 43 45 46 48 49 50 56 58}] -force
gui_set_selected_errors -replace [gui_get_errors -data_name {zroute.err} -id {63 64 65 66 67 68 69 70 72 73 74 75 76 77 78 79 80 81 82 0 1 2 3 4 5 6 7 8 9 10 11 13 14 15 16 21 22 23 24 25 26 28 29 31 32 33 34 35 36 37 41 42 43 45 46 48 49 50 56 58 61}] -force
gui_set_selected_errors -replace [gui_get_errors -data_name {zroute.err} -id {63 64 65 66 67 68 69 70 72 73 74 75 76 77 78 79 80 81 82 0 1 2 3 4 5 6 7 8 9 10 11 13 14 15 16 21 22 23 24 25 26 28 29 31 32 33 34 35 36 37 41 42 43 45 46 48 49 50 56 58 61 62}] -force
change_selection -add [get_nets id_stage_i/registers_i/ZBUF_6]
change_selection -add [get_nets HFSNET_98]
change_selection -add [get_nets id_stage_i/registers_i/n3941]
change_selection -add [get_nets id_stage_i/registers_i/n413]
change_selection -add [get_nets id_stage_i/registers_i/n415]
change_selection -add [get_nets id_stage_i/registers_i/n1117]
change_selection -add [get_nets id_stage_i/registers_i/n2469]
change_selection -add [get_nets id_stage_i/registers_i/n2466]
change_selection -add [get_nets {alu_operand_c_ex[22]}]
change_selection -add [get_nets id_stage_i/n1336]
change_selection -add [get_nets n4737]
change_selection -add [get_nets n4736]
change_selection -add [get_nets n4660]
change_selection -add [get_nets n4565]
change_selection -add [get_nets id_stage_i/n2648]
change_selection -add [get_nets id_stage_i/n569]
change_selection -add [get_nets id_stage_i/n1411]
change_selection -add [get_nets {alu_operand_c_ex[13]}]
change_selection -add [get_nets ex_stage_i_alu_i/n2034]
change_selection -add [get_nets id_stage_i/registers_i/n5109]
change_selection -add [get_nets id_stage_i/registers_i/n3263]
change_selection -add [get_nets id_stage_i/registers_i/n3286]
change_selection -add [get_nets id_stage_i/registers_i/n3917]
change_selection -add [get_nets id_stage_i/registers_i/n4158]
change_selection -add [get_nets id_stage_i/registers_i/n1810]
change_selection -add [get_nets id_stage_i/registers_i/n1808]
change_selection -add [get_nets id_stage_i/registers_i/n1807]
change_selection -add [get_nets id_stage_i/registers_i/n415]
change_selection -add [get_nets id_stage_i/registers_i/n346]
change_selection -add [get_nets id_stage_i/registers_i/n3887]
change_selection -add [get_nets id_stage_i/registers_i/n184]
change_selection -add [get_nets id_stage_i/registers_i/n2566]
change_selection -add [get_nets id_stage_i/registers_i/n4152]
change_selection -add [get_nets id_stage_i/registers_i/n4038]
change_selection -add [get_nets id_stage_i/registers_i/n3511]
change_selection -add [get_nets id_stage_i/registers_i/n208]
change_selection -add [get_nets id_stage_i/registers_i/n2566]
change_selection -add [get_nets id_stage_i/registers_i/n4031]
change_selection -add [get_nets id_stage_i/registers_i/n4061]
change_selection -add [get_nets id_stage_i/registers_i/n3883]
change_selection -add [get_nets id_stage_i/registers_i/n3747]
change_selection -add [get_nets id_stage_i/registers_i/n3912]
change_selection -add [get_nets id_stage_i/registers_i/mem_15__14_]
change_selection -add [get_nets id_stage_i/registers_i/n1358]
change_selection -add [get_nets id_stage_i/registers_i/n2466]
change_selection -add [get_nets id_stage_i/registers_i/n2878]
change_selection -add [get_nets id_stage_i/registers_i/n2681]
change_selection -add [get_nets id_stage_i/registers_i/n4061]
change_selection -add [get_nets id_stage_i/registers_i/n371]
change_selection -add [get_nets id_stage_i/registers_i/n1090]
change_selection -add [get_nets id_stage_i/registers_i/n1560]
change_selection -add [get_nets id_stage_i/registers_i/n1851]
change_selection -add [get_nets id_stage_i/registers_i/n2713]
change_selection -add [get_nets id_stage_i/registers_i/n6306]
change_selection -add [get_nets id_stage_i/registers_i/n3910]
change_selection -add [get_nets id_stage_i/registers_i/n7489]
change_selection -add [get_nets id_stage_i/registers_i/mem_24__27_]
change_selection -add [get_nets id_stage_i/registers_i/n224]
change_selection -add [get_nets id_stage_i/registers_i/n7288]
change_selection -add [get_nets id_stage_i/registers_i/n3848]
change_selection -add [get_nets id_stage_i/registers_i/ZINV_54]
change_selection -add [get_nets id_stage_i/registers_i/n6085]
remove_objects  [get_shapes -of_objects  [get_selection]]
route_opt
check_lvs
change_selection 
gui_set_selected_errors -replace [gui_get_errors -data_name {zroute.err} -id {0}] -force
gui_set_selected_errors -replace [gui_get_errors -data_name {zroute.err} -id {0 1}] -force
gui_set_selected_errors -replace [gui_get_errors -data_name {zroute.err} -id {0 1 3}] -force
gui_set_selected_errors -replace [gui_get_errors -data_name {zroute.err} -id {0 1 3 4}] -force
gui_set_selected_errors -replace [gui_get_errors -data_name {zroute.err} -id {0 1 3 4 8}] -force
gui_set_selected_errors -replace [gui_get_errors -data_name {zroute.err} -id {0 1 3 4 8 9}] -force
change_selection -add [get_nets id_stage_i/registers_i/mem_10__30_]
change_selection -add [get_nets id_stage_i/n1336]
change_selection -add [get_nets {alu_operand_c_ex[13]}]
change_selection -add [get_nets {regfile_alu_wdata_fw[13]}]
change_selection -add [get_nets id_stage_i/n2293]
change_selection -add [get_nets id_stage_i/n3093]
remove_objects  [get_shapes -of_objects  [get_selection]]
route_opt
gui_set_current_errors -data_name {rsicv_core_routed_lvs.err}
gui_set_selected_errors -replace [gui_get_errors -data_name {rsicv_core_routed_lvs.err} -id {0}] -force
remove_redundant_shapes
check_lvs
gui_set_current_errors -data_name {zroute.err}
check_routes
gui_set_current_errors -data_name {zroute.err} -group {Less than minimum area}
gui_set_selected_errors -replace [gui_get_errors -data_name {zroute.err} -id {0}] -force
gui_zoom -window [gui_get_current_window -types Layout -view] -factor 0.5 -at_point {71.598 70.852}
gui_zoom -window [gui_get_current_window -types Layout -view] -factor 0.5 -at_point {71.597 70.852}
gui_zoom -window [gui_get_current_window -types Layout -view] -factor 0.5 -at_point {71.597 70.852}
gui_zoom -window [gui_get_current_window -types Layout -view] -factor 2 -at_point {71.796 70.834}
gui_zoom -window [gui_get_current_window -types Layout -view] -factor 0.5 -at_point {71.790 70.973}
gui_zoom -window [gui_get_current_window -types Layout -view] -factor 0.5 -at_point {71.789 70.972}
gui_zoom -window [gui_get_current_window -types Layout -view] -factor 0.5 -at_point {71.788 70.971}
gui_zoom -window [gui_get_current_window -types Layout -view] -factor 0.5 -at_point {71.788 70.970}
gui_zoom -window [gui_get_current_window -types Layout -view] -factor 0.5 -at_point {71.795 70.973}
gui_zoom -window [gui_get_current_window -types Layout -view] -factor 2 -at_point {71.802 70.982}
gui_zoom -window [gui_get_current_window -types Layout -view] -factor 2 -at_point {71.798 70.988}
gui_zoom -window [gui_get_current_window -types Layout -view] -factor 2 -at_point {71.363 70.971}
gui_zoom -window [gui_get_current_window -types Layout -view] -factor 2 -at_point {71.364 70.973}
gui_zoom -window [gui_get_current_window -types Layout -view] -factor 2 -at_point {71.363 70.974}
gui_zoom -window [gui_get_current_window -types Layout -view] -factor 0.5 -at_point {71.363 70.974}
gui_zoom -window [gui_get_current_window -types Layout -view] -factor 2 -at_point {71.475 70.857}
gui_set_layout_layer_visibility -toggle [get_layers -filter {mask_name == metal9} -quiet]
gui_set_layout_layer_visibility -toggle [get_layers -filter {mask_name == metal8} -quiet]
gui_set_layout_layer_visibility -toggle [get_layers -filter {mask_name == metal7} -quiet]
gui_set_layout_layer_visibility -toggle [get_layers -filter {mask_name == metal7} -quiet]
win_set_filter -visible -class pin -filter {} -layer {21 24 27}
win_set_filter -visible -class routing_blockage -layer {21 24 27}
win_set_filter -visible -class shape -filter {} -layer {21 24 27}
win_set_filter -visible -class via -filter {} -layer {21 24 27}
win_set_filter -visible -class terminal -filter {}  -layer {21 24 27}
win_set_filter -class pin -filter {} -layer {21 24 27}
win_set_filter -class routing_blockage -layer {21 24 27}
win_set_filter -class shape -filter {} -layer {21 24 27}
win_set_filter -class via -filter {} -layer {21 24 27}
win_select_objects -slct_targets global -at {71.702 70.658} -radius 0.0009
gui_zoom -window [gui_get_current_window -types Layout -view] -factor 0.5 -at_point {71.801 70.615}
gui_scroll -window [gui_get_current_window -view] -hrel .2
gui_mouse_tool -window [gui_get_current_window -types Layout -mru] -start MoveTool
gui_mouse_tool -window [gui_get_current_window -types Layout -mru] -reset
win_select_objects -slct_targets global -at {71.839 70.579} -radius 0.0017
gui_set_selected_errors -replace [gui_get_errors -data_name {zroute.err} -id {0}] -force
win_select_objects -slct_targets global -at {71.450 70.837} -radius 0.0002
win_select_objects -slct_targets global -at {71.580 70.837} -radius 0.0002
gui_zoom -window [gui_get_current_window -types Layout -view] -factor 0.5 -at_point {71.580 70.837}
gui_zoom -window [gui_get_current_window -types Layout -view] -factor 0.5 -at_point {71.581 70.837}
win_select_objects -slct_targets global -at {71.564 70.858} -radius 0.0009
gui_mouse_tool -window [gui_get_current_window -types Layout -mru] -start MoveTool
gui_mouse_tool -window [gui_get_current_window -types Layout -mru] -drag {{71.594 70.861} {71.452 70.970}} -scale 0.0009
gui_set_setting -window [gui_get_current_window -types Layout -mru] -setting showPinShapeLayer_M2 -value true
gui_set_setting -window [gui_get_current_window -types Layout -mru] -setting showPinShapeLayer_VIA2 -value true
gui_set_setting -window [gui_get_current_window -types Layout -mru] -setting showPinShapeLayer_M3 -value true
gui_mouse_tool -window [gui_get_current_window -types Layout -mru] -add_point {71.433 70.856} -scale 0.0009
gui_mouse_tool -window [gui_get_current_window -types Layout -mru] -reset
gui_mouse_tool -window [gui_get_current_window -types Layout -mru] -reset
win_select_objects -slct_targets global -at {71.407 70.857} -radius 0.0009
remove_objects [get_selection]
gui_set_selected_errors -replace [gui_get_errors -data_name {zroute.err} -id {0}] -force
win_select_objects -slct_targets global -at {71.416 70.844} -radius 0.0009
undo
redo
win_select_objects -slct_targets global -at {71.422 70.971} -radius 0.0009
route_eco -nets [get_selection ]
route_eco -nets [get_nets -of_objects [get_selection]]
gui_clear_selected_errors
gui_set_selected_errors -replace [gui_get_errors -data_name {zroute.err} -id {1}] -force
win_select_objects -slct_targets global -at {71.184 71.433} -radius 0.0002
gui_zoom -window [gui_get_current_window -types Layout -view] -factor 0.5 -at_point {71.298 71.431}
gui_zoom -window [gui_get_current_window -types Layout -view] -factor 0.5 -at_point {71.299 71.430}
gui_zoom -window [gui_get_current_window -types Layout -view] -factor 2 -at_point {71.359 71.327}
win_select_objects -slct_targets global -at {71.300 71.433} -radius 0.0004
gui_set_selected_errors -replace [gui_get_errors -data_name {zroute.err} -id {0}] -force
win_select_objects -slct_targets global -at {71.626 70.846} -radius 0.0002
win_select_objects -slct_targets global -at {71.728 70.788} -radius 0.0002
set_attribute -objects [get_vias VIA_S_55980] -name via_def -value [get_via_defs -library [current_lib] VIA2_33_3LG]
win_select_objects -slct_targets global -at {71.765 70.761} -radius 0.0002
check_routes
gui_set_selected_errors -replace [gui_get_errors -data_name {zroute.err} -id {1}] -force
gui_set_selected_errors -replace [gui_get_errors -data_name {zroute.err} -id {0}] -force
win_select_objects -slct_targets global -at {71.680 70.767} -radius 0.0001
gui_zoom -window [gui_get_current_window -types Layout -view] -factor 0.5 -at_point {71.700 70.765}
gui_zoom -window [gui_get_current_window -types Layout -view] -factor 0.5 -at_point {71.700 70.764}
gui_zoom -window [gui_get_current_window -types Layout -view] -factor 2 -at_point {71.757 70.779}
gui_zoom -window [gui_get_current_window -types Layout -view] -factor 2 -at_point {71.757 70.779}
gui_zoom -window [gui_get_current_window -types Layout -view] -factor 2 -at_point {71.757 70.779}
gui_zoom -window [gui_get_current_window -types Layout -view] -factor 0.5 -at_point {71.757 70.779}
gui_zoom -window [gui_get_current_window -types Layout -view] -factor 0.5 -at_point {71.757 70.779}
gui_zoom -window [gui_get_current_window -types Layout -view] -factor 0.5 -at_point {71.757 70.779}
gui_scroll -window [gui_get_current_window -view] -hrel .2
gui_scroll -window [gui_get_current_window -view] -vrel .2
gui_scroll -window [gui_get_current_window -view] -hrel -.2
win_select_objects -slct_targets global -at {71.700 70.769} -radius 0.0004
remove_objects [get_selection]
gui_set_selected_errors -replace [gui_get_errors -data_name {zroute.err} -id {0}] -force
win_select_objects -slct_targets global -at {71.688 70.744} -radius 0.0004
win_select_objects -slct_targets global -at {71.804 70.852} -radius 0.0004
win_select_objects -slct_targets global -at {71.730 70.751} -radius 0.0004
remove_objects [get_selection]
win_select_objects -slct_targets global -at {71.736 70.707} -radius 0.0004
win_select_objects -slct_targets global -at {71.724 70.779} -radius 0.0004
win_select_objects -slct_targets global -at {71.720 70.762} -radius 0.0004
remove_objects [get_selection]
win_select_objects -slct_targets global -at {71.682 70.705} -radius 0.0004
win_select_objects -slct_targets global -at {71.795 70.727} -radius 0.0004
gui_zoom -window [gui_get_current_window -types Layout -view] -factor 0.5 -at_point {71.795 70.727}
gui_zoom -window [gui_get_current_window -types Layout -view] -factor 2 -at_point {71.794 70.728}
remove_objects [get_selection]
gui_set_selected_errors -replace [gui_get_errors -data_name {zroute.err} -id {0}] -force
win_select_objects -slct_targets global -at {71.821 70.698} -radius 0.0004
undo
win_select_objects -slct_targets global -at {71.652 70.740} -radius 0.0004
win_select_objects -slct_targets global -at {71.735 70.760} -radius 0.0004
remove_objects [get_selection]
win_select_objects -slct_targets global -at {71.657 70.732} -radius 0.0004
gui_zoom -window [gui_get_current_window -types Layout -view] -factor 2 -at_point {71.751 70.781}
gui_zoom -window [gui_get_current_window -types Layout -view] -factor 2 -at_point {71.751 70.781}
gui_zoom -window [gui_get_current_window -types Layout -view] -factor 0.5 -at_point {71.751 70.781}
gui_zoom -window [gui_get_current_window -types Layout -view] -factor 0.5 -at_point {71.751 70.781}
gui_zoom -window [gui_get_current_window -types Layout -view] -factor 0.5 -at_point {71.751 70.781}
win_select_objects -slct_targets global -at {71.785 70.781} -radius 0.0009
win_select_objects -slct_targets global -at {71.662 70.732} -radius 0.0009
route_eco -nets [get_nets -of_objects [get_selection]]
check_lvs
win_select_objects -slct_targets global -at {71.893 70.734} -radius 0.0009
gui_show_error_data
gui_error_browser -show
gui_set_current_errors -data_name {rsicv_core_routed_lvs.err} -group {Open}
gui_set_selected_errors -replace [gui_get_errors -data_name {rsicv_core_routed_lvs.err} -id {0}] -force
gui_zoom -window [gui_get_current_window -types Layout -view] -factor 2 -at_point {71.357 70.653}
gui_zoom -window [gui_get_current_window -types Layout -view] -factor 2 -at_point {71.350 70.644}
gui_zoom -window [gui_get_current_window -types Layout -view] -factor 2 -at_point {71.687 70.886}
gui_zoom -window [gui_get_current_window -types Layout -view] -factor 2 -at_point {71.687 70.885}
gui_zoom -window [gui_get_current_window -types Layout -view] -factor 2 -at_point {71.686 70.885}
gui_scroll -window [gui_get_current_window -view] -vrel .2
gui_scroll -window [gui_get_current_window -view] -hrel -.2
win_select_objects -slct_targets global -at {71.292 70.746} -radius 0.0012
gui_zoom -window [gui_get_current_window -types Layout -view] -factor 2 -at_point {71.276 70.605}
gui_zoom -window [gui_get_current_window -types Layout -view] -factor 2 -at_point {71.276 70.605}
gui_zoom -window [gui_get_current_window -types Layout -view] -factor 0.5 -at_point {71.291 70.628}
gui_zoom -window [gui_get_current_window -types Layout -view] -factor 0.5 -at_point {71.290 70.627}
win_select_objects -slct_targets global -at {71.153 70.604} -radius 0.0012
win_select_objects -slct_targets global -at {71.157 70.645} -radius 0.0012
win_select_objects -slct_targets global -at {71.190 70.647} -radius 0.0012
win_select_objects -slct_targets global -at {71.150 70.609} -radius 0.0012
win_select_objects -slct_targets global -at {71.135 70.648} -radius 0.0012
win_select_objects -slct_targets global -at {71.286 70.767} -radius 0.0012
route_eco -nets [get_nets -of_objects [get_selection]]
check_lvs
gui_set_current_errors -data_name {zroute.err} -group {Less than minimum area}
gui_set_selected_errors -replace [gui_get_errors -data_name {zroute.err} -id {1}] -force
win_select_objects -slct_targets global -at {71.035 71.482} -radius 0.0002
gui_zoom -window [gui_get_current_window -types Layout -view] -factor 0.5 -at_point {71.119 71.501}
gui_zoom -window [gui_get_current_window -types Layout -view] -factor 0.5 -at_point {71.119 71.501}
gui_zoom -window [gui_get_current_window -types Layout -view] -factor 0.5 -at_point {71.119 71.501}
gui_zoom -window [gui_get_current_window -types Layout -view] -factor 2 -at_point {71.173 71.423}
gui_zoom -window [gui_get_current_window -types Layout -view] -factor 2 -at_point {71.173 71.423}
gui_zoom -window [gui_get_current_window -types Layout -view] -factor 0.5 -at_point {71.118 71.554}
gui_zoom -window [gui_get_current_window -types Layout -view] -factor 2 -at_point {71.159 71.547}
win_select_objects -slct_targets global -at {71.143 71.512} -radius 0.0004
gui_mouse_tool -window [gui_get_current_window -types Layout -mru] -start MoveTool
gui_mouse_tool -window [gui_get_current_window -types Layout -mru] -add_point {71.141 71.527} -scale 0.0004
gui_mouse_tool -window [gui_get_current_window -types Layout -mru] -add_point {71.131 71.628} -scale 0.0004
gui_mouse_tool -window [gui_get_current_window -types Layout -mru] -reset
win_select_objects -slct_targets global -at {71.141 71.620} -radius 0.0004
route_eco -nets [get_nets -of_objects [get_selection]]
gui_clear_selected_errors
win_select_objects -slct_targets global -at {71.138 71.480} -radius 0.0004
check_lvs
report_utilization
check_pg_drc
save_block -as riscv_core_routed_lvs_clean
pwd
gui_zoom -window [gui_get_current_window -view] -full
change_selection 
gui_show_error_data
gui_error_browser -show
gui_open_error_data -name {__riscv_core_check_legality.err}
gui_open_error_data -name {__riscv_core_check_legality.err}
gui_open_error_data -name {DRC_report_by_check_pg_drc}
gui_open_error_data -name {__riscv_core_check_legality.err}
gui_open_error_data -name {__riscv_core_routed_cannot_converge_check_legality.err}
gui_open_error_data -name {riscv_core_ctsed_lvs.err}
gui_open_error_data -name {riscv_core_dppinassgn.err}
gui_open_error_data -name {riscv_core_dpplace.err}
gui_open_error_data -name {riscv_core_floatingPG.err}
gui_open_error_data -name {riscv_core_missingVia.err}
gui_open_error_data -name {riscv_core_routed_cannot_converge_lvs.err}
gui_open_error_data -name {riscv_core_routed_cannot_converge_missingVia.err}
gui_open_error_data -name {rsicv_core_routed_lvs.err}
gui_set_current_errors
gui_set_selected_errors -replace [gui_get_errors -data_name {riscv_core_ctsed_lvs.err} -id {0}] -force
gui_open_error_data -name {rsicv_core_routed_lvs.err}
gui_open_error_data -name {rsicv_core_routed_lvs.err}
gui_open_error_data -name {zroute.err}
gui_open_error_data -name {zroute.err}
gui_open_error_data -name {DRC_report_by_check_pg_drc}
gui_open_error_data -name {DRC_report_by_check_pg_drc}
gui_open_error_data -name {__riscv_core_check_legality.err}
gui_open_error_data -name {__riscv_core_check_legality.err}
gui_zoom -window [gui_get_current_window -types Layout -view] -factor 2 -at_point {131.656 24.359}
gui_zoom -window [gui_get_current_window -types Layout -view] -factor 2 -at_point {131.656 24.359}
gui_zoom -window [gui_get_current_window -types Layout -view] -factor 2 -at_point {131.656 24.359}
gui_zoom -window [gui_get_current_window -types Layout -view] -factor 0.5 -at_point {131.656 24.359}
gui_zoom -window [gui_get_current_window -types Layout -view] -factor 0.5 -at_point {131.656 24.359}
gui_zoom -window [gui_get_current_window -types Layout -view] -factor 0.5 -at_point {131.657 24.359}
gui_zoom -window [gui_get_current_window -types Layout -view] -factor 0.5 -at_point {131.656 24.358}
gui_zoom -window [gui_get_current_window -types Layout -view] -factor 0.5 -at_point {131.657 24.359}
win_select_objects -slct_targets global -at {131.638 24.189} -radius 0.0003
gui_zoom -window [gui_get_current_window -view] -full
gui_zoom -window [gui_get_current_window -types Layout -view] -factor 2 -at_point {42.751 59.677}
gui_zoom -window [gui_get_current_window -types Layout -view] -factor 0.5 -at_point {73.937 29.217}
gui_zoom -window [gui_get_current_window -types Layout -view] -factor 0.5 -at_point {73.990 29.264}
gui_scroll -window [gui_get_current_window -view] -hrel .2
gui_scroll -window [gui_get_current_window -view] -hrel .2
gui_scroll -window [gui_get_current_window -view] -hrel .2
gui_scroll -window [gui_get_current_window -view] -vrel .2
gui_scroll -window [gui_get_current_window -view] -vrel .2
gui_scroll -window [gui_get_current_window -view] -hrel .2
gui_scroll -window [gui_get_current_window -view] -hrel .2
gui_scroll -window [gui_get_current_window -view] -hrel -.2
gui_scroll -window [gui_get_current_window -view] -hrel -.2
gui_scroll -window [gui_get_current_window -view] -hrel -.2
gui_scroll -window [gui_get_current_window -view] -hrel -.2
gui_scroll -window [gui_get_current_window -view] -hrel -.2
gui_scroll -window [gui_get_current_window -view] -hrel -.2
gui_scroll -window [gui_get_current_window -view] -hrel -.2
gui_scroll -window [gui_get_current_window -view] -hrel -.2
gui_zoom -window [gui_get_current_window -types Layout -view] -factor 2 -at_point {44.216 103.967}
gui_scroll -window [gui_get_current_window -view] -vrel .2
gui_scroll -window [gui_get_current_window -view] -vrel -.2
gui_zoom -window [gui_get_current_window -types Layout -view] -factor 2 -at_point {38.689 43.171}
gui_zoom -window [gui_get_current_window -types Layout -view] -factor 2 -at_point {38.663 43.149}
gui_zoom -window [gui_get_current_window -types Layout -view] -factor 2 -at_point {38.683 43.127}
gui_zoom -window [gui_get_current_window -types Layout -view] -factor 2 -at_point {38.680 43.127}
gui_zoom -window [gui_get_current_window -types Layout -view] -factor 0.5 -at_point {38.677 43.129}
gui_zoom -window [gui_get_current_window -types Layout -view] -factor 0.5 -at_point {38.673 43.132}
gui_zoom -window [gui_get_current_window -types Layout -view] -factor 0.5 -at_point {38.670 43.132}
gui_zoom -window [gui_get_current_window -types Layout -view] -factor 0.5 -at_point {38.689 43.110}
gui_zoom -window [gui_get_current_window -types Layout -view] -factor 0.5 -at_point {38.689 43.171}
gui_zoom -window [gui_get_current_window -types Layout -view] -factor 0.5 -at_point {38.867 43.349}
gui_zoom -window [gui_get_current_window -types Layout -view] -factor 2 -at_point {39.224 42.993}
gui_zoom -window [gui_get_current_window -types Layout -view] -factor 2 -at_point {39.224 42.993}
gui_zoom -window [gui_get_current_window -types Layout -view] -factor 2 -at_point {39.224 42.993}
win_select_objects -within {{15.857 43.773} {20.757 102.570}} -slct_targets global -slct_targets_operation clear
change_selection 
remove_placement_spacing_rules -all
connect_pg_net -automatic
set pnr_std_fillers "SAEDRVT14_FILL*"
set GDS_MAP_FILE            "/mnt/hgfs/ASIC_shared/LIBs/tech/milkyway/saed14nm_1p9m_gdsout_mw.map"
set STD_CELL_GDS  "/mnt/hgfs/ASIC_shared/LIBs/stdcell_rvt/gds/saed14rvt.gds"
set std_fillers ""
foreach filler $pnr_std_fillers { lappend std_fillers "*/${filler}" }
create_stdcell_filler -lib_cell $std_fillers
connect_pg_net -automatic
remove_stdcell_fillers_with_violation
write_verilog ../netlists/riscv_core.icc2.gate.v
report_qor > ../reports/qor.rpt
report_utilization > ../reports/utilization.rpt
check_lvs
check_pg_drc
save_block -as ${DESIGN_NAME}_finished_all_clean
save_block -as riscv_core_finished_all_clean
change_names -rules verilog -verbose
write_verilog -include {pg_netlist unconnected_ports} ../output/riscv_core_finish_all_clean.v
write_gds  -layer_map $GDS_MAP_FILE   -keep_data_type   -fill include   -output_pin all   -lib_cell_view frame   -long_names   ../output/rsicv_core.gds
write_parasitics -output  ../output/riscv_core.spf
gui_mouse_tool -window [gui_get_current_window -types Layout -mru] -start CopyTool
gui_mouse_tool -window [gui_get_current_window -types Layout -mru] -reset
gui_zoom -window [gui_get_current_window -view] -full
save_block -as riscv_core_finished_all_cleansource file:///mnt/hgfs/cv32e40p/analysis/virtual_pads.tcl
save_block -as riscv_core_finished_all_clean
source /mnt/hgfs/cv32e40p/analysis/virtual_pads.tcl
gui_zoom -window [gui_get_current_window -types Layout -view] -factor 0.5 -at_point {184.440 31.758}
gui_zoom -window [gui_get_current_window -types Layout -view] -factor 0.5 -at_point {223.931 31.582}
gui_zoom -window [gui_get_current_window -types Layout -view] -factor 2 -at_point {301.665 31.582}
gui_zoom -window [gui_get_current_window -types Layout -view] -factor 2 -at_point {223.931 31.582}
gui_zoom -window [gui_get_current_window -types Layout -view] -factor 0.5 -at_point {185.242 31.582}
gui_zoom -window [gui_get_current_window -types Layout -view] -factor 2 -at_point {148.336 146.757}
source /mnt/hgfs/cv32e40p/analysis/virtual_pads.tcl
gui_scroll -window [gui_get_current_window -view] -vrel .2
gui_scroll -window [gui_get_current_window -view] -vrel .2
gui_zoom -window [gui_get_current_window -types Layout -view] -factor 0.5 -at_point {-10.519 72.589}
gui_zoom -window [gui_get_current_window -types Layout -view] -factor 2 -at_point {-21.038 72.589}
gui_zoom -window [gui_get_current_window -types Layout -view] -factor 0.5 -at_point {-10.519 72.589}
gui_zoom -window [gui_get_current_window -types Layout -view] -factor 2 -at_point {-21.038 72.589}
report_power
report_power
source /mnt/hgfs/cv32e40p/analysis/virtual_pads.tcl
source /mnt/hgfs/cv32e40p/analysis/virtual_pads.tcl
gui_scroll -window [gui_get_current_window -view] -vrel -.2
gui_scroll -window [gui_get_current_window -view] -vrel -.2
gui_scroll -window [gui_get_current_window -view] -vrel .2
gui_scroll -window [gui_get_current_window -view] -hrel -.2
source /mnt/hgfs/cv32e40p/analysis/virtual_pads.tcl
gui_scroll -window [gui_get_current_window -view] -vrel .2
gui_scroll -window [gui_get_current_window -view] -vrel -.2
gui_zoom -window [gui_get_current_window -types Layout -view] -factor 0.5 -at_point {197.366 35.326}
gui_zoom -window [gui_get_current_window -types Layout -view] -factor 2 -at_point {248.178 35.148}
gui_zoom -window [gui_get_current_window -types Layout -view] -factor 2 -at_point {197.366 35.148}
gui_scroll -window [gui_get_current_window -view] -vrel .2
gui_zoom -window [gui_get_current_window -types Layout -view] -factor 0.5 -at_point {171.936 19.987}
gui_zoom -window [gui_get_current_window -types Layout -view] -factor 0.5 -at_point {197.366 19.993}
gui_zoom -window [gui_get_current_window -types Layout -view] -factor 2 -at_point {248.178 19.815}
gui_scroll -window [gui_get_current_window -view] -vrel -.2
gui_scroll -window [gui_get_current_window -view] -vrel .2
gui_zoom -window [gui_get_current_window -types Layout -view] -factor 2 -at_point {197.366 19.993}
gui_zoom -window [gui_get_current_window -types Layout -view] -factor 0.5 -at_point {171.936 19.987}
gui_zoom -window [gui_get_current_window -types Layout -view] -factor 0.5 -at_point {197.366 19.993}
gui_zoom -window [gui_get_current_window -types Layout -view] -factor 0.5 -at_point {248.178 19.815}
gui_zoom -window [gui_get_current_window -types Layout -view] -factor 2 -at_point {350.159 20.172}
gui_zoom -window [gui_get_current_window -types Layout -view] -factor 2 -at_point {248.178 20.172}
gui_scroll -window [gui_get_current_window -view] -vrel -.2
gui_scroll -window [gui_get_current_window -view] -vrel .2
gui_zoom -window [gui_get_current_window -types Layout -view] -factor 0.5 -at_point {197.366 20.350}
gui_zoom -window [gui_get_current_window -types Layout -view] -factor 0.5 -at_point {248.178 20.528}
gui_zoom -window [gui_get_current_window -types Layout -view] -factor 2 -at_point {350.159 20.172}
gui_zoom -window [gui_get_current_window -types Layout -view] -factor 2 -at_point {248.178 20.172}
gui_scroll -window [gui_get_current_window -view] -vrel -.2
gui_scroll -window [gui_get_current_window -view] -vrel .2
gui_zoom -window [gui_get_current_window -types Layout -view] -factor 2 -at_point {83.974 74.550}
gui_zoom -window [gui_get_current_window -types Layout -view] -factor 0.5 -at_point {84.008 74.508}
gui_zoom -window [gui_get_current_window -types Layout -view] -factor 0.5 -at_point {83.974 74.550}
gui_scroll -window [gui_get_current_window -view] -vrel -.2
gui_zoom -window [gui_get_current_window -types Layout -view] -factor 2 -at_point {172.227 101.471}
gui_scroll -window [gui_get_current_window -view] -vrel .2
gui_scroll -window [gui_get_current_window -view] -vrel -.2
gui_scroll -window [gui_get_current_window -view] -hrel -.2
gui_scroll -window [gui_get_current_window -view] -vrel .2
gui_scroll -window [gui_get_current_window -view] -vrel -.2
gui_zoom -window [gui_get_current_window -types Layout -view] -factor 0.5 -at_point {-26.386 87.386}
gui_zoom -window [gui_get_current_window -types Layout -view] -factor 2 -at_point {-32.092 79.007}
gui_zoom -window [gui_get_current_window -types Layout -view] -factor 2 -at_point {-16.046 79.007}
gui_zoom -window [gui_get_current_window -types Layout -view] -factor 0.5 -at_point {-8.017 79.051}
gui_zoom -window [gui_get_current_window -types Layout -view] -factor 0.5 -at_point {162.956 65.279}
gui_zoom -window [gui_get_current_window -types Layout -view] -factor 0.5 -at_point {179.359 65.457}
gui_zoom -window [gui_get_current_window -types Layout -view] -factor 2 -at_point {212.520 65.814}
gui_zoom -window [gui_get_current_window -types Layout -view] -factor 0.5 -at_point {-31.378 63.674}
gui_zoom -window [gui_get_current_window -types Layout -view] -factor 2 -at_point {-62.757 63.674}
gui_zoom -window [gui_get_current_window -types Layout -view] -factor 2 -at_point {-31.378 63.674}
gui_zoom -window [gui_get_current_window -types Layout -view] -factor 0.5 -at_point {-15.689 63.674}
gui_zoom -window [gui_get_current_window -types Layout -view] -factor 2 -at_point {-31.378 63.674}
gui_show_map -window [gui_get_current_window -types Layout -mru] -map {cellDensityMap} -show {true}
gui_set_map_option -map {cellDensityMap} -option {area_type} -value {Reset}
gui_set_map_option -map {cellDensityMap} -option {area_type} -value {WholeDesign}
gui_scroll -window [gui_get_current_window -view] -hrel .2
gui_scroll -window [gui_get_current_window -view] -vrel .2
gui_scroll -window [gui_get_current_window -view] -vrel -.2
gui_scroll -window [gui_get_current_window -view] -hrel -.2
gui_scroll -window [gui_get_current_window -view] -hrel .2
gui_show_map -window [gui_get_current_window -types Layout -mru] -map {pinDensityMap} -show {true}
gui_load_pin_density_mm
gui_scroll -window [gui_get_current_window -view] -vrel .2
gui_scroll -window [gui_get_current_window -view] -vrel -.2
gui_show_map -window [gui_get_current_window -types Layout -mru] -map {pnaElectromigrationMap} -show {true}
gui_set_map_option -map {pnaElectromigrationMap} -option {layer} -value {M1}
gui_show_map -window [gui_get_current_window -types Layout -mru] -map {metalPatternDensityMap} -show {true}
gui_set_map_option -map {metalPatternDensityMap} -option {layer} -value {M1}
load_metal_pattern_density
gui_show_map -window [gui_get_current_window -types Layout -mru] -map {pnaVoltageDropMap} -show {true}
gui_scroll -window [gui_get_current_window -view] -vrel .2
gui_scroll -window [gui_get_current_window -view] -vrel -.2
gui_scroll -window [gui_get_current_window -view] -vrel .2
gui_scroll -window [gui_get_current_window -view] -vrel -.2
gui_scroll -window [gui_get_current_window -view] -vrel .2
gui_scroll -window [gui_get_current_window -view] -vrel -.2
gui_zoom -window [gui_get_current_window -types Layout -view] -factor 0.5 -at_point {174.545 91.487}
gui_zoom -window [gui_get_current_window -types Layout -view] -factor 2 -at_point {202.536 91.487}
gui_zoom -window [gui_get_current_window -types Layout -view] -factor 0.5 -at_point {174.545 91.487}
gui_zoom -window [gui_get_current_window -types Layout -view] -factor 2 -at_point {202.536 91.487}
check_lvs
report_qor
report_utilization
save_block -as ${DESIGN_NAME}_finished_all_clean
save_block -as riscv_core_finished_all_clean
pwd
